2026/02/13 17:24:59 [Kafka] Writer created for topic 'detectiontopic' with brokers: [10.13.3.100:9092 10.13.3.99:9092 10.13.3.101:9092]
2026/02/13 17:24:59 [Kafka] Writer created for topic 'detectionMega' with brokers: [10.13.3.100:9092 10.13.3.99:9092 10.13.3.101:9092]
[TRT] createInferRuntime: Error Code 6: API Usage Error (CUDA initialization failure with error: 35 In checkCudaInstallation at /_src/runtime/dispatch/runtime.cpp:824)
[TRT] [checkMacros.cpp::catchCudaError::229] Error Code 1: Cuda Runtime (In catchCudaError at /_src/common/dispatch/checkMacros.cpp:229)
SIGSEGV: segmentation violation
PC=0x7063023fb130 m=0 sigcode=1 addr=0x240
signal arrived during cgo execution

goroutine 1 gp=0xc000002380 m=0 mp=0xdf2c80 [syscall]:
runtime.cgocall(0x87e010, 0xc000471d40)
	/usr/local/go/src/runtime/cgocall.go:167 +0x4b fp=0xc000471d18 sp=0xc000471ce0 pc=0x47660b
main._Cfunc_CallInitializeProcessor(0x96cbd40)
	_cgo_gotypes.go:100 +0x45 fp=0xc000471d40 sp=0xc000471d18 pc=0x825565
main.InitializeAIProcessor({0x9aea2a, 0x1d}, 0x3?)
	/home/admiral/Khazar/CProjects/FaceStream1/cmd/server/cgo_bridge.go:101 +0x9e fp=0xc000471de0 sp=0xc000471d40 pc=0x8259de
main.main()
	/home/admiral/Khazar/CProjects/FaceStream1/cmd/server/main.go:27 +0x165 fp=0xc000471f50 sp=0xc000471de0 pc=0x822de5
runtime.main()
	/usr/local/go/src/runtime/proc.go:285 +0x29d fp=0xc000471fe0 sp=0xc000471f50 pc=0x4456bd
runtime.goexit({})
	/usr/local/go/src/runtime/asm_amd64.s:1693 +0x1 fp=0xc000471fe8 sp=0xc000471fe0 pc=0x4816e1

goroutine 2 gp=0xc000002e00 m=nil [force gc (idle)]:
runtime.gopark(0x0?, 0x0?, 0x0?, 0x0?, 0x0?)
	/usr/local/go/src/runtime/proc.go:460 +0xce fp=0xc000186fa8 sp=0xc000186f88 pc=0x47974e
runtime.goparkunlock(...)
	/usr/local/go/src/runtime/proc.go:466
runtime.forcegchelper()
	/usr/local/go/src/runtime/proc.go:373 +0xb3 fp=0xc000186fe0 sp=0xc000186fa8 pc=0x4459f3
runtime.goexit({})
	/usr/local/go/src/runtime/asm_amd64.s:1693 +0x1 fp=0xc000186fe8 sp=0xc000186fe0 pc=0x4816e1
created by runtime.init.7 in goroutine 1
	/usr/local/go/src/runtime/proc.go:361 +0x1a

goroutine 3 gp=0xc000003340 m=nil [GC sweep wait]:
runtime.gopark(0x1?, 0x0?, 0x0?, 0x0?, 0x0?)
	/usr/local/go/src/runtime/proc.go:460 +0xce fp=0xc000187780 sp=0xc000187760 pc=0x47974e
runtime.goparkunlock(...)
	/usr/local/go/src/runtime/proc.go:466
runtime.bgsweep(0xc000032280)
	/usr/local/go/src/runtime/mgcsweep.go:323 +0xdf fp=0xc0001877c8 sp=0xc000187780 pc=0x42fa9f
runtime.gcenable.gowrap1()
	/usr/local/go/src/runtime/mgc.go:212 +0x25 fp=0xc0001877e0 sp=0xc0001877c8 pc=0x423ca5
runtime.goexit({})
	/usr/local/go/src/runtime/asm_amd64.s:1693 +0x1 fp=0xc0001877e8 sp=0xc0001877e0 pc=0x4816e1
created by runtime.gcenable in goroutine 1
	/usr/local/go/src/runtime/mgc.go:212 +0x66

goroutine 4 gp=0xc000003500 m=nil [GC scavenge wait]:
runtime.gopark(0x10000?, 0xa5b010?, 0x0?, 0x0?, 0x0?)
	/usr/local/go/src/runtime/proc.go:460 +0xce fp=0xc000187f78 sp=0xc000187f58 pc=0x47974e
runtime.goparkunlock(...)
	/usr/local/go/src/runtime/proc.go:466
runtime.(*scavengerState).park(0xdf0920)
	/usr/local/go/src/runtime/mgcscavenge.go:425 +0x49 fp=0xc000187fa8 sp=0xc000187f78 pc=0x42d529
runtime.bgscavenge(0xc000032280)
	/usr/local/go/src/runtime/mgcscavenge.go:658 +0x59 fp=0xc000187fc8 sp=0xc000187fa8 pc=0x42dad9
runtime.gcenable.gowrap2()
	/usr/local/go/src/runtime/mgc.go:213 +0x25 fp=0xc000187fe0 sp=0xc000187fc8 pc=0x423c45
runtime.goexit({})
	/usr/local/go/src/runtime/asm_amd64.s:1693 +0x1 fp=0xc000187fe8 sp=0xc000187fe0 pc=0x4816e1
created by runtime.gcenable in goroutine 1
	/usr/local/go/src/runtime/mgc.go:213 +0xa5

goroutine 18 gp=0xc000202700 m=nil [finalizer wait]:
runtime.gopark(0x454995?, 0x41b605?, 0xb8?, 0x1?, 0xc000002380?)
	/usr/local/go/src/runtime/proc.go:460 +0xce fp=0xc000186620 sp=0xc000186600 pc=0x47974e
runtime.runFinalizers()
	/usr/local/go/src/runtime/mfinal.go:210 +0x107 fp=0xc0001867e0 sp=0xc000186620 pc=0x422ba7
runtime.goexit({})
	/usr/local/go/src/runtime/asm_amd64.s:1693 +0x1 fp=0xc0001867e8 sp=0xc0001867e0 pc=0x4816e1
created by runtime.createfing in goroutine 1
	/usr/local/go/src/runtime/mfinal.go:172 +0x3d

goroutine 19 gp=0xc000202a80 m=nil [cleanup wait]:
runtime.gopark(0x0?, 0x0?, 0x0?, 0x0?, 0x0?)
	/usr/local/go/src/runtime/proc.go:460 +0xce fp=0xc000182768 sp=0xc000182748 pc=0x47974e
runtime.goparkunlock(...)
	/usr/local/go/src/runtime/proc.go:466
runtime.(*cleanupQueue).dequeue(0xdf0ca0)
	/usr/local/go/src/runtime/mcleanup.go:439 +0xc5 fp=0xc0001827a0 sp=0xc000182768 pc=0x41fdc5
runtime.runCleanups()
	/usr/local/go/src/runtime/mcleanup.go:635 +0x45 fp=0xc0001827e0 sp=0xc0001827a0 pc=0x420485
runtime.goexit({})
	/usr/local/go/src/runtime/asm_amd64.s:1693 +0x1 fp=0xc0001827e8 sp=0xc0001827e0 pc=0x4816e1
created by runtime.(*cleanupQueue).createGs in goroutine 1
	/usr/local/go/src/runtime/mcleanup.go:589 +0xa5

goroutine 20 gp=0xc000202c40 m=nil [GC worker (idle)]:
runtime.gopark(0x0?, 0x0?, 0x0?, 0x0?, 0x0?)
	/usr/local/go/src/runtime/proc.go:460 +0xce fp=0xc000182f38 sp=0xc000182f18 pc=0x47974e
runtime.gcBgMarkWorker(0xc0002108c0)
	/usr/local/go/src/runtime/mgc.go:1463 +0xeb fp=0xc000182fc8 sp=0xc000182f38 pc=0x42618b
runtime.gcBgMarkStartWorkers.gowrap1()
	/usr/local/go/src/runtime/mgc.go:1373 +0x25 fp=0xc000182fe0 sp=0xc000182fc8 pc=0x426065
runtime.goexit({})
	/usr/local/go/src/runtime/asm_amd64.s:1693 +0x1 fp=0xc000182fe8 sp=0xc000182fe0 pc=0x4816e1
created by runtime.gcBgMarkStartWorkers in goroutine 1
	/usr/local/go/src/runtime/mgc.go:1373 +0x105

goroutine 5 gp=0xc000003dc0 m=nil [GC worker (idle)]:
runtime.gopark(0x0?, 0x0?, 0x0?, 0x0?, 0x0?)
	/usr/local/go/src/runtime/proc.go:460 +0xce fp=0xc000188738 sp=0xc000188718 pc=0x47974e
runtime.gcBgMarkWorker(0xc0002108c0)
	/usr/local/go/src/runtime/mgc.go:1463 +0xeb fp=0xc0001887c8 sp=0xc000188738 pc=0x42618b
runtime.gcBgMarkStartWorkers.gowrap1()
	/usr/local/go/src/runtime/mgc.go:1373 +0x25 fp=0xc0001887e0 sp=0xc0001887c8 pc=0x426065
runtime.goexit({})
	/usr/local/go/src/runtime/asm_amd64.s:1693 +0x1 fp=0xc0001887e8 sp=0xc0001887e0 pc=0x4816e1
created by runtime.gcBgMarkStartWorkers in goroutine 1
	/usr/local/go/src/runtime/mgc.go:1373 +0x105

goroutine 6 gp=0xc0001cc000 m=nil [GC worker (idle)]:
runtime.gopark(0x0?, 0x0?, 0x0?, 0x0?, 0x0?)
	/usr/local/go/src/runtime/proc.go:460 +0xce fp=0xc000188f38 sp=0xc000188f18 pc=0x47974e
runtime.gcBgMarkWorker(0xc0002108c0)
	/usr/local/go/src/runtime/mgc.go:1463 +0xeb fp=0xc000188fc8 sp=0xc000188f38 pc=0x42618b
runtime.gcBgMarkStartWorkers.gowrap1()
	/usr/local/go/src/runtime/mgc.go:1373 +0x25 fp=0xc000188fe0 sp=0xc000188fc8 pc=0x426065
runtime.goexit({})
	/usr/local/go/src/runtime/asm_amd64.s:1693 +0x1 fp=0xc000188fe8 sp=0xc000188fe0 pc=0x4816e1
created by runtime.gcBgMarkStartWorkers in goroutine 1
	/usr/local/go/src/runtime/mgc.go:1373 +0x105

goroutine 7 gp=0xc0001cc1c0 m=nil [GC worker (idle)]:
runtime.gopark(0x0?, 0x0?, 0x0?, 0x0?, 0x0?)
	/usr/local/go/src/runtime/proc.go:460 +0xce fp=0xc000189738 sp=0xc000189718 pc=0x47974e
runtime.gcBgMarkWorker(0xc0002108c0)
	/usr/local/go/src/runtime/mgc.go:1463 +0xeb fp=0xc0001897c8 sp=0xc000189738 pc=0x42618b
runtime.gcBgMarkStartWorkers.gowrap1()
	/usr/local/go/src/runtime/mgc.go:1373 +0x25 fp=0xc0001897e0 sp=0xc0001897c8 pc=0x426065
runtime.goexit({})
	/usr/local/go/src/runtime/asm_amd64.s:1693 +0x1 fp=0xc0001897e8 sp=0xc0001897e0 pc=0x4816e1
created by runtime.gcBgMarkStartWorkers in goroutine 1
	/usr/local/go/src/runtime/mgc.go:1373 +0x105

goroutine 8 gp=0xc0001cc380 m=nil [GC worker (idle)]:
runtime.gopark(0x0?, 0x0?, 0x0?, 0x0?, 0x0?)
	/usr/local/go/src/runtime/proc.go:460 +0xce fp=0xc000189f38 sp=0xc000189f18 pc=0x47974e
runtime.gcBgMarkWorker(0xc0002108c0)
	/usr/local/go/src/runtime/mgc.go:1463 +0xeb fp=0xc000189fc8 sp=0xc000189f38 pc=0x42618b
runtime.gcBgMarkStartWorkers.gowrap1()
	/usr/local/go/src/runtime/mgc.go:1373 +0x25 fp=0xc000189fe0 sp=0xc000189fc8 pc=0x426065
runtime.goexit({})
	/usr/local/go/src/runtime/asm_amd64.s:1693 +0x1 fp=0xc000189fe8 sp=0xc000189fe0 pc=0x4816e1
created by runtime.gcBgMarkStartWorkers in goroutine 1
	/usr/local/go/src/runtime/mgc.go:1373 +0x105

goroutine 9 gp=0xc0001cc540 m=nil [GC worker (idle)]:
runtime.gopark(0x0?, 0x0?, 0x0?, 0x0?, 0x0?)
	/usr/local/go/src/runtime/proc.go:460 +0xce fp=0xc0001d2738 sp=0xc0001d2718 pc=0x47974e
runtime.gcBgMarkWorker(0xc0002108c0)
	/usr/local/go/src/runtime/mgc.go:1463 +0xeb fp=0xc0001d27c8 sp=0xc0001d2738 pc=0x42618b
runtime.gcBgMarkStartWorkers.gowrap1()
	/usr/local/go/src/runtime/mgc.go:1373 +0x25 fp=0xc0001d27e0 sp=0xc0001d27c8 pc=0x426065
runtime.goexit({})
	/usr/local/go/src/runtime/asm_amd64.s:1693 +0x1 fp=0xc0001d27e8 sp=0xc0001d27e0 pc=0x4816e1
created by runtime.gcBgMarkStartWorkers in goroutine 1
	/usr/local/go/src/runtime/mgc.go:1373 +0x105

goroutine 10 gp=0xc0001cc700 m=nil [GC worker (idle)]:
runtime.gopark(0x0?, 0x0?, 0x0?, 0x0?, 0x0?)
	/usr/local/go/src/runtime/proc.go:460 +0xce fp=0xc0001d2f38 sp=0xc0001d2f18 pc=0x47974e
runtime.gcBgMarkWorker(0xc0002108c0)
	/usr/local/go/src/runtime/mgc.go:1463 +0xeb fp=0xc0001d2fc8 sp=0xc0001d2f38 pc=0x42618b
runtime.gcBgMarkStartWorkers.gowrap1()
	/usr/local/go/src/runtime/mgc.go:1373 +0x25 fp=0xc0001d2fe0 sp=0xc0001d2fc8 pc=0x426065
runtime.goexit({})
	/usr/local/go/src/runtime/asm_amd64.s:1693 +0x1 fp=0xc0001d2fe8 sp=0xc0001d2fe0 pc=0x4816e1
created by runtime.gcBgMarkStartWorkers in goroutine 1
	/usr/local/go/src/runtime/mgc.go:1373 +0x105

goroutine 11 gp=0xc0001cc8c0 m=nil [GC worker (idle)]:
runtime.gopark(0x0?, 0x0?, 0x0?, 0x0?, 0x0?)
	/usr/local/go/src/runtime/proc.go:460 +0xce fp=0xc0001d3738 sp=0xc0001d3718 pc=0x47974e
runtime.gcBgMarkWorker(0xc0002108c0)
	/usr/local/go/src/runtime/mgc.go:1463 +0xeb fp=0xc0001d37c8 sp=0xc0001d3738 pc=0x42618b
runtime.gcBgMarkStartWorkers.gowrap1()
	/usr/local/go/src/runtime/mgc.go:1373 +0x25 fp=0xc0001d37e0 sp=0xc0001d37c8 pc=0x426065
runtime.goexit({})
	/usr/local/go/src/runtime/asm_amd64.s:1693 +0x1 fp=0xc0001d37e8 sp=0xc0001d37e0 pc=0x4816e1
created by runtime.gcBgMarkStartWorkers in goroutine 1
	/usr/local/go/src/runtime/mgc.go:1373 +0x105

goroutine 34 gp=0xc000414000 m=nil [GC worker (idle)]:
runtime.gopark(0x0?, 0x0?, 0x0?, 0x0?, 0x0?)
	/usr/local/go/src/runtime/proc.go:460 +0xce fp=0xc0001ce738 sp=0xc0001ce718 pc=0x47974e
runtime.gcBgMarkWorker(0xc0002108c0)
	/usr/local/go/src/runtime/mgc.go:1463 +0xeb fp=0xc0001ce7c8 sp=0xc0001ce738 pc=0x42618b
runtime.gcBgMarkStartWorkers.gowrap1()
	/usr/local/go/src/runtime/mgc.go:1373 +0x25 fp=0xc0001ce7e0 sp=0xc0001ce7c8 pc=0x426065
runtime.goexit({})
	/usr/local/go/src/runtime/asm_amd64.s:1693 +0x1 fp=0xc0001ce7e8 sp=0xc0001ce7e0 pc=0x4816e1
created by runtime.gcBgMarkStartWorkers in goroutine 1
	/usr/local/go/src/runtime/mgc.go:1373 +0x105

goroutine 21 gp=0xc000202e00 m=nil [GC worker (idle)]:
runtime.gopark(0x0?, 0x0?, 0x0?, 0x0?, 0x0?)
	/usr/local/go/src/runtime/proc.go:460 +0xce fp=0xc000183738 sp=0xc000183718 pc=0x47974e
runtime.gcBgMarkWorker(0xc0002108c0)
	/usr/local/go/src/runtime/mgc.go:1463 +0xeb fp=0xc0001837c8 sp=0xc000183738 pc=0x42618b
runtime.gcBgMarkStartWorkers.gowrap1()
	/usr/local/go/src/runtime/mgc.go:1373 +0x25 fp=0xc0001837e0 sp=0xc0001837c8 pc=0x426065
runtime.goexit({})
	/usr/local/go/src/runtime/asm_amd64.s:1693 +0x1 fp=0xc0001837e8 sp=0xc0001837e0 pc=0x4816e1
created by runtime.gcBgMarkStartWorkers in goroutine 1
	/usr/local/go/src/runtime/mgc.go:1373 +0x105

goroutine 22 gp=0xc000202fc0 m=nil [GC worker (idle)]:
runtime.gopark(0x0?, 0x0?, 0x0?, 0x0?, 0x0?)
	/usr/local/go/src/runtime/proc.go:460 +0xce fp=0xc000183f38 sp=0xc000183f18 pc=0x47974e
runtime.gcBgMarkWorker(0xc0002108c0)
	/usr/local/go/src/runtime/mgc.go:1463 +0xeb fp=0xc000183fc8 sp=0xc000183f38 pc=0x42618b
runtime.gcBgMarkStartWorkers.gowrap1()
	/usr/local/go/src/runtime/mgc.go:1373 +0x25 fp=0xc000183fe0 sp=0xc000183fc8 pc=0x426065
runtime.goexit({})
	/usr/local/go/src/runtime/asm_amd64.s:1693 +0x1 fp=0xc000183fe8 sp=0xc000183fe0 pc=0x4816e1
created by runtime.gcBgMarkStartWorkers in goroutine 1
	/usr/local/go/src/runtime/mgc.go:1373 +0x105

goroutine 12 gp=0xc0001cca80 m=nil [GC worker (idle)]:
runtime.gopark(0x0?, 0x0?, 0x0?, 0x0?, 0x0?)
	/usr/local/go/src/runtime/proc.go:460 +0xce fp=0xc0001d3f38 sp=0xc0001d3f18 pc=0x47974e
runtime.gcBgMarkWorker(0xc0002108c0)
	/usr/local/go/src/runtime/mgc.go:1463 +0xeb fp=0xc0001d3fc8 sp=0xc0001d3f38 pc=0x42618b
runtime.gcBgMarkStartWorkers.gowrap1()
	/usr/local/go/src/runtime/mgc.go:1373 +0x25 fp=0xc0001d3fe0 sp=0xc0001d3fc8 pc=0x426065
runtime.goexit({})
	/usr/local/go/src/runtime/asm_amd64.s:1693 +0x1 fp=0xc0001d3fe8 sp=0xc0001d3fe0 pc=0x4816e1
created by runtime.gcBgMarkStartWorkers in goroutine 1
	/usr/local/go/src/runtime/mgc.go:1373 +0x105

goroutine 13 gp=0xc0001ccc40 m=nil [GC worker (idle)]:
runtime.gopark(0x0?, 0x0?, 0x0?, 0x0?, 0x0?)
	/usr/local/go/src/runtime/proc.go:460 +0xce fp=0xc0001d4738 sp=0xc0001d4718 pc=0x47974e
runtime.gcBgMarkWorker(0xc0002108c0)
	/usr/local/go/src/runtime/mgc.go:1463 +0xeb fp=0xc0001d47c8 sp=0xc0001d4738 pc=0x42618b
runtime.gcBgMarkStartWorkers.gowrap1()
	/usr/local/go/src/runtime/mgc.go:1373 +0x25 fp=0xc0001d47e0 sp=0xc0001d47c8 pc=0x426065
runtime.goexit({})
	/usr/local/go/src/runtime/asm_amd64.s:1693 +0x1 fp=0xc0001d47e8 sp=0xc0001d47e0 pc=0x4816e1
created by runtime.gcBgMarkStartWorkers in goroutine 1
	/usr/local/go/src/runtime/mgc.go:1373 +0x105

goroutine 14 gp=0xc0001cce00 m=nil [GC worker (idle)]:
runtime.gopark(0x0?, 0x0?, 0x0?, 0x0?, 0x0?)
	/usr/local/go/src/runtime/proc.go:460 +0xce fp=0xc0001d4f38 sp=0xc0001d4f18 pc=0x47974e
runtime.gcBgMarkWorker(0xc0002108c0)
	/usr/local/go/src/runtime/mgc.go:1463 +0xeb fp=0xc0001d4fc8 sp=0xc0001d4f38 pc=0x42618b
runtime.gcBgMarkStartWorkers.gowrap1()
	/usr/local/go/src/runtime/mgc.go:1373 +0x25 fp=0xc0001d4fe0 sp=0xc0001d4fc8 pc=0x426065
runtime.goexit({})
	/usr/local/go/src/runtime/asm_amd64.s:1693 +0x1 fp=0xc0001d4fe8 sp=0xc0001d4fe0 pc=0x4816e1
created by runtime.gcBgMarkStartWorkers in goroutine 1
	/usr/local/go/src/runtime/mgc.go:1373 +0x105

goroutine 15 gp=0xc0001ccfc0 m=nil [GC worker (idle)]:
runtime.gopark(0x0?, 0x0?, 0x0?, 0x0?, 0x0?)
	/usr/local/go/src/runtime/proc.go:460 +0xce fp=0xc0001d5738 sp=0xc0001d5718 pc=0x47974e
runtime.gcBgMarkWorker(0xc0002108c0)
	/usr/local/go/src/runtime/mgc.go:1463 +0xeb fp=0xc0001d57c8 sp=0xc0001d5738 pc=0x42618b
runtime.gcBgMarkStartWorkers.gowrap1()
	/usr/local/go/src/runtime/mgc.go:1373 +0x25 fp=0xc0001d57e0 sp=0xc0001d57c8 pc=0x426065
runtime.goexit({})
	/usr/local/go/src/runtime/asm_amd64.s:1693 +0x1 fp=0xc0001d57e8 sp=0xc0001d57e0 pc=0x4816e1
created by runtime.gcBgMarkStartWorkers in goroutine 1
	/usr/local/go/src/runtime/mgc.go:1373 +0x105

goroutine 16 gp=0xc0001cd180 m=nil [GC worker (idle)]:
runtime.gopark(0x0?, 0x0?, 0x0?, 0x0?, 0x0?)
	/usr/local/go/src/runtime/proc.go:460 +0xce fp=0xc0001d5f38 sp=0xc0001d5f18 pc=0x47974e
runtime.gcBgMarkWorker(0xc0002108c0)
	/usr/local/go/src/runtime/mgc.go:1463 +0xeb fp=0xc0001d5fc8 sp=0xc0001d5f38 pc=0x42618b
runtime.gcBgMarkStartWorkers.gowrap1()
	/usr/local/go/src/runtime/mgc.go:1373 +0x25 fp=0xc0001d5fe0 sp=0xc0001d5fc8 pc=0x426065
runtime.goexit({})
	/usr/local/go/src/runtime/asm_amd64.s:1693 +0x1 fp=0xc0001d5fe8 sp=0xc0001d5fe0 pc=0x4816e1
created by runtime.gcBgMarkStartWorkers in goroutine 1
	/usr/local/go/src/runtime/mgc.go:1373 +0x105

goroutine 50 gp=0xc0001cd340 m=nil [GC worker (idle)]:
runtime.gopark(0x0?, 0x0?, 0x0?, 0x0?, 0x0?)
	/usr/local/go/src/runtime/proc.go:460 +0xce fp=0xc0001da738 sp=0xc0001da718 pc=0x47974e
runtime.gcBgMarkWorker(0xc0002108c0)
	/usr/local/go/src/runtime/mgc.go:1463 +0xeb fp=0xc0001da7c8 sp=0xc0001da738 pc=0x42618b
runtime.gcBgMarkStartWorkers.gowrap1()
	/usr/local/go/src/runtime/mgc.go:1373 +0x25 fp=0xc0001da7e0 sp=0xc0001da7c8 pc=0x426065
runtime.goexit({})
	/usr/local/go/src/runtime/asm_amd64.s:1693 +0x1 fp=0xc0001da7e8 sp=0xc0001da7e0 pc=0x4816e1
created by runtime.gcBgMarkStartWorkers in goroutine 1
	/usr/local/go/src/runtime/mgc.go:1373 +0x105

goroutine 51 gp=0xc0001cd500 m=nil [GC worker (idle)]:
runtime.gopark(0x0?, 0x0?, 0x0?, 0x0?, 0x0?)
	/usr/local/go/src/runtime/proc.go:460 +0xce fp=0xc0001daf38 sp=0xc0001daf18 pc=0x47974e
runtime.gcBgMarkWorker(0xc0002108c0)
	/usr/local/go/src/runtime/mgc.go:1463 +0xeb fp=0xc0001dafc8 sp=0xc0001daf38 pc=0x42618b
runtime.gcBgMarkStartWorkers.gowrap1()
	/usr/local/go/src/runtime/mgc.go:1373 +0x25 fp=0xc0001dafe0 sp=0xc0001dafc8 pc=0x426065
runtime.goexit({})
	/usr/local/go/src/runtime/asm_amd64.s:1693 +0x1 fp=0xc0001dafe8 sp=0xc0001dafe0 pc=0x4816e1
created by runtime.gcBgMarkStartWorkers in goroutine 1
	/usr/local/go/src/runtime/mgc.go:1373 +0x105

goroutine 52 gp=0xc0001cd6c0 m=nil [GC worker (idle)]:
runtime.gopark(0x0?, 0x0?, 0x0?, 0x0?, 0x0?)
	/usr/local/go/src/runtime/proc.go:460 +0xce fp=0xc0001db738 sp=0xc0001db718 pc=0x47974e
runtime.gcBgMarkWorker(0xc0002108c0)
	/usr/local/go/src/runtime/mgc.go:1463 +0xeb fp=0xc0001db7c8 sp=0xc0001db738 pc=0x42618b
runtime.gcBgMarkStartWorkers.gowrap1()
	/usr/local/go/src/runtime/mgc.go:1373 +0x25 fp=0xc0001db7e0 sp=0xc0001db7c8 pc=0x426065
runtime.goexit({})
	/usr/local/go/src/runtime/asm_amd64.s:1693 +0x1 fp=0xc0001db7e8 sp=0xc0001db7e0 pc=0x4816e1
created by runtime.gcBgMarkStartWorkers in goroutine 1
	/usr/local/go/src/runtime/mgc.go:1373 +0x105

goroutine 53 gp=0xc0001cd880 m=nil [GC worker (idle)]:
runtime.gopark(0x0?, 0x0?, 0x0?, 0x0?, 0x0?)
	/usr/local/go/src/runtime/proc.go:460 +0xce fp=0xc0001dbf38 sp=0xc0001dbf18 pc=0x47974e
runtime.gcBgMarkWorker(0xc0002108c0)
	/usr/local/go/src/runtime/mgc.go:1463 +0xeb fp=0xc0001dbfc8 sp=0xc0001dbf38 pc=0x42618b
runtime.gcBgMarkStartWorkers.gowrap1()
	/usr/local/go/src/runtime/mgc.go:1373 +0x25 fp=0xc0001dbfe0 sp=0xc0001dbfc8 pc=0x426065
runtime.goexit({})
	/usr/local/go/src/runtime/asm_amd64.s:1693 +0x1 fp=0xc0001dbfe8 sp=0xc0001dbfe0 pc=0x4816e1
created by runtime.gcBgMarkStartWorkers in goroutine 1
	/usr/local/go/src/runtime/mgc.go:1373 +0x105

goroutine 54 gp=0xc0001cda40 m=nil [GC worker (idle)]:
runtime.gopark(0x0?, 0x0?, 0x0?, 0x0?, 0x0?)
	/usr/local/go/src/runtime/proc.go:460 +0xce fp=0xc0001dc738 sp=0xc0001dc718 pc=0x47974e
runtime.gcBgMarkWorker(0xc0002108c0)
	/usr/local/go/src/runtime/mgc.go:1463 +0xeb fp=0xc0001dc7c8 sp=0xc0001dc738 pc=0x42618b
runtime.gcBgMarkStartWorkers.gowrap1()
	/usr/local/go/src/runtime/mgc.go:1373 +0x25 fp=0xc0001dc7e0 sp=0xc0001dc7c8 pc=0x426065
runtime.goexit({})
	/usr/local/go/src/runtime/asm_amd64.s:1693 +0x1 fp=0xc0001dc7e8 sp=0xc0001dc7e0 pc=0x4816e1
created by runtime.gcBgMarkStartWorkers in goroutine 1
	/usr/local/go/src/runtime/mgc.go:1373 +0x105

goroutine 55 gp=0xc0001cdc00 m=nil [GC worker (idle)]:
runtime.gopark(0x0?, 0x0?, 0x0?, 0x0?, 0x0?)
	/usr/local/go/src/runtime/proc.go:460 +0xce fp=0xc0001dcf38 sp=0xc0001dcf18 pc=0x47974e
runtime.gcBgMarkWorker(0xc0002108c0)
	/usr/local/go/src/runtime/mgc.go:1463 +0xeb fp=0xc0001dcfc8 sp=0xc0001dcf38 pc=0x42618b
runtime.gcBgMarkStartWorkers.gowrap1()
	/usr/local/go/src/runtime/mgc.go:1373 +0x25 fp=0xc0001dcfe0 sp=0xc0001dcfc8 pc=0x426065
runtime.goexit({})
	/usr/local/go/src/runtime/asm_amd64.s:1693 +0x1 fp=0xc0001dcfe8 sp=0xc0001dcfe0 pc=0x4816e1
created by runtime.gcBgMarkStartWorkers in goroutine 1
	/usr/local/go/src/runtime/mgc.go:1373 +0x105

goroutine 56 gp=0xc0001cddc0 m=nil [GC worker (idle)]:
runtime.gopark(0x0?, 0x0?, 0x0?, 0x0?, 0x0?)
	/usr/local/go/src/runtime/proc.go:460 +0xce fp=0xc0001dd738 sp=0xc0001dd718 pc=0x47974e
runtime.gcBgMarkWorker(0xc0002108c0)
	/usr/local/go/src/runtime/mgc.go:1463 +0xeb fp=0xc0001dd7c8 sp=0xc0001dd738 pc=0x42618b
runtime.gcBgMarkStartWorkers.gowrap1()
	/usr/local/go/src/runtime/mgc.go:1373 +0x25 fp=0xc0001dd7e0 sp=0xc0001dd7c8 pc=0x426065
runtime.goexit({})
	/usr/local/go/src/runtime/asm_amd64.s:1693 +0x1 fp=0xc0001dd7e8 sp=0xc0001dd7e0 pc=0x4816e1
created by runtime.gcBgMarkStartWorkers in goroutine 1
	/usr/local/go/src/runtime/mgc.go:1373 +0x105

goroutine 57 gp=0xc0001e0000 m=nil [GC worker (idle)]:
runtime.gopark(0x0?, 0x0?, 0x0?, 0x0?, 0x0?)
	/usr/local/go/src/runtime/proc.go:460 +0xce fp=0xc0001ddf38 sp=0xc0001ddf18 pc=0x47974e
runtime.gcBgMarkWorker(0xc0002108c0)
	/usr/local/go/src/runtime/mgc.go:1463 +0xeb fp=0xc0001ddfc8 sp=0xc0001ddf38 pc=0x42618b
runtime.gcBgMarkStartWorkers.gowrap1()
	/usr/local/go/src/runtime/mgc.go:1373 +0x25 fp=0xc0001ddfe0 sp=0xc0001ddfc8 pc=0x426065
runtime.goexit({})
	/usr/local/go/src/runtime/asm_amd64.s:1693 +0x1 fp=0xc0001ddfe8 sp=0xc0001ddfe0 pc=0x4816e1
created by runtime.gcBgMarkStartWorkers in goroutine 1
	/usr/local/go/src/runtime/mgc.go:1373 +0x105

goroutine 58 gp=0xc0001e01c0 m=nil [GC worker (idle)]:
runtime.gopark(0x0?, 0x0?, 0x0?, 0x0?, 0x0?)
	/usr/local/go/src/runtime/proc.go:460 +0xce fp=0xc0001d6738 sp=0xc0001d6718 pc=0x47974e
runtime.gcBgMarkWorker(0xc0002108c0)
	/usr/local/go/src/runtime/mgc.go:1463 +0xeb fp=0xc0001d67c8 sp=0xc0001d6738 pc=0x42618b
runtime.gcBgMarkStartWorkers.gowrap1()
	/usr/local/go/src/runtime/mgc.go:1373 +0x25 fp=0xc0001d67e0 sp=0xc0001d67c8 pc=0x426065
runtime.goexit({})
	/usr/local/go/src/runtime/asm_amd64.s:1693 +0x1 fp=0xc0001d67e8 sp=0xc0001d67e0 pc=0x4816e1
created by runtime.gcBgMarkStartWorkers in goroutine 1
	/usr/local/go/src/runtime/mgc.go:1373 +0x105

goroutine 59 gp=0xc0001e0380 m=nil [GC worker (idle)]:
runtime.gopark(0x0?, 0x0?, 0x0?, 0x0?, 0x0?)
	/usr/local/go/src/runtime/proc.go:460 +0xce fp=0xc0001d6f38 sp=0xc0001d6f18 pc=0x47974e
runtime.gcBgMarkWorker(0xc0002108c0)
	/usr/local/go/src/runtime/mgc.go:1463 +0xeb fp=0xc0001d6fc8 sp=0xc0001d6f38 pc=0x42618b
runtime.gcBgMarkStartWorkers.gowrap1()
	/usr/local/go/src/runtime/mgc.go:1373 +0x25 fp=0xc0001d6fe0 sp=0xc0001d6fc8 pc=0x426065
runtime.goexit({})
	/usr/local/go/src/runtime/asm_amd64.s:1693 +0x1 fp=0xc0001d6fe8 sp=0xc0001d6fe0 pc=0x4816e1
created by runtime.gcBgMarkStartWorkers in goroutine 1
	/usr/local/go/src/runtime/mgc.go:1373 +0x105

goroutine 60 gp=0xc0001e0540 m=nil [GC worker (idle)]:
runtime.gopark(0x0?, 0x0?, 0x0?, 0x0?, 0x0?)
	/usr/local/go/src/runtime/proc.go:460 +0xce fp=0xc0001d7738 sp=0xc0001d7718 pc=0x47974e
runtime.gcBgMarkWorker(0xc0002108c0)
	/usr/local/go/src/runtime/mgc.go:1463 +0xeb fp=0xc0001d77c8 sp=0xc0001d7738 pc=0x42618b
runtime.gcBgMarkStartWorkers.gowrap1()
	/usr/local/go/src/runtime/mgc.go:1373 +0x25 fp=0xc0001d77e0 sp=0xc0001d77c8 pc=0x426065
runtime.goexit({})
	/usr/local/go/src/runtime/asm_amd64.s:1693 +0x1 fp=0xc0001d77e8 sp=0xc0001d77e0 pc=0x4816e1
created by runtime.gcBgMarkStartWorkers in goroutine 1
	/usr/local/go/src/runtime/mgc.go:1373 +0x105

goroutine 35 gp=0xc0004141c0 m=nil [GC worker (idle)]:
runtime.gopark(0x0?, 0x0?, 0x0?, 0x0?, 0x0?)
	/usr/local/go/src/runtime/proc.go:460 +0xce fp=0xc0001cef38 sp=0xc0001cef18 pc=0x47974e
runtime.gcBgMarkWorker(0xc0002108c0)
	/usr/local/go/src/runtime/mgc.go:1463 +0xeb fp=0xc0001cefc8 sp=0xc0001cef38 pc=0x42618b
runtime.gcBgMarkStartWorkers.gowrap1()
	/usr/local/go/src/runtime/mgc.go:1373 +0x25 fp=0xc0001cefe0 sp=0xc0001cefc8 pc=0x426065
runtime.goexit({})
	/usr/local/go/src/runtime/asm_amd64.s:1693 +0x1 fp=0xc0001cefe8 sp=0xc0001cefe0 pc=0x4816e1
created by runtime.gcBgMarkStartWorkers in goroutine 1
	/usr/local/go/src/runtime/mgc.go:1373 +0x105

goroutine 36 gp=0xc000414380 m=nil [GC worker (idle)]:
runtime.gopark(0x0?, 0x0?, 0x0?, 0x0?, 0x0?)
	/usr/local/go/src/runtime/proc.go:460 +0xce fp=0xc0001cf738 sp=0xc0001cf718 pc=0x47974e
runtime.gcBgMarkWorker(0xc0002108c0)
	/usr/local/go/src/runtime/mgc.go:1463 +0xeb fp=0xc0001cf7c8 sp=0xc0001cf738 pc=0x42618b
runtime.gcBgMarkStartWorkers.gowrap1()
	/usr/local/go/src/runtime/mgc.go:1373 +0x25 fp=0xc0001cf7e0 sp=0xc0001cf7c8 pc=0x426065
runtime.goexit({})
	/usr/local/go/src/runtime/asm_amd64.s:1693 +0x1 fp=0xc0001cf7e8 sp=0xc0001cf7e0 pc=0x4816e1
created by runtime.gcBgMarkStartWorkers in goroutine 1
	/usr/local/go/src/runtime/mgc.go:1373 +0x105

goroutine 23 gp=0xc000203180 m=nil [GC worker (idle)]:
runtime.gopark(0x0?, 0x0?, 0x0?, 0x0?, 0x0?)
	/usr/local/go/src/runtime/proc.go:460 +0xce fp=0xc000184738 sp=0xc000184718 pc=0x47974e
runtime.gcBgMarkWorker(0xc0002108c0)
	/usr/local/go/src/runtime/mgc.go:1463 +0xeb fp=0xc0001847c8 sp=0xc000184738 pc=0x42618b
runtime.gcBgMarkStartWorkers.gowrap1()
	/usr/local/go/src/runtime/mgc.go:1373 +0x25 fp=0xc0001847e0 sp=0xc0001847c8 pc=0x426065
runtime.goexit({})
	/usr/local/go/src/runtime/asm_amd64.s:1693 +0x1 fp=0xc0001847e8 sp=0xc0001847e0 pc=0x4816e1
created by runtime.gcBgMarkStartWorkers in goroutine 1
	/usr/local/go/src/runtime/mgc.go:1373 +0x105

goroutine 37 gp=0xc000414540 m=nil [GC worker (idle)]:
runtime.gopark(0x0?, 0x0?, 0x0?, 0x0?, 0x0?)
	/usr/local/go/src/runtime/proc.go:460 +0xce fp=0xc0001cff38 sp=0xc0001cff18 pc=0x47974e
runtime.gcBgMarkWorker(0xc0002108c0)
	/usr/local/go/src/runtime/mgc.go:1463 +0xeb fp=0xc0001cffc8 sp=0xc0001cff38 pc=0x42618b
runtime.gcBgMarkStartWorkers.gowrap1()
	/usr/local/go/src/runtime/mgc.go:1373 +0x25 fp=0xc0001cffe0 sp=0xc0001cffc8 pc=0x426065
runtime.goexit({})
	/usr/local/go/src/runtime/asm_amd64.s:1693 +0x1 fp=0xc0001cffe8 sp=0xc0001cffe0 pc=0x4816e1
created by runtime.gcBgMarkStartWorkers in goroutine 1
	/usr/local/go/src/runtime/mgc.go:1373 +0x105

goroutine 38 gp=0xc000414700 m=nil [GC worker (idle)]:
runtime.gopark(0x0?, 0x0?, 0x0?, 0x0?, 0x0?)
	/usr/local/go/src/runtime/proc.go:460 +0xce fp=0xc0001d0738 sp=0xc0001d0718 pc=0x47974e
runtime.gcBgMarkWorker(0xc0002108c0)
	/usr/local/go/src/runtime/mgc.go:1463 +0xeb fp=0xc0001d07c8 sp=0xc0001d0738 pc=0x42618b
runtime.gcBgMarkStartWorkers.gowrap1()
	/usr/local/go/src/runtime/mgc.go:1373 +0x25 fp=0xc0001d07e0 sp=0xc0001d07c8 pc=0x426065
runtime.goexit({})
	/usr/local/go/src/runtime/asm_amd64.s:1693 +0x1 fp=0xc0001d07e8 sp=0xc0001d07e0 pc=0x4816e1
created by runtime.gcBgMarkStartWorkers in goroutine 1
	/usr/local/go/src/runtime/mgc.go:1373 +0x105

goroutine 39 gp=0xc0004148c0 m=nil [GC worker (idle)]:
runtime.gopark(0x0?, 0x0?, 0x0?, 0x0?, 0x0?)
	/usr/local/go/src/runtime/proc.go:460 +0xce fp=0xc0001d0f38 sp=0xc0001d0f18 pc=0x47974e
runtime.gcBgMarkWorker(0xc0002108c0)
	/usr/local/go/src/runtime/mgc.go:1463 +0xeb fp=0xc0001d0fc8 sp=0xc0001d0f38 pc=0x42618b
runtime.gcBgMarkStartWorkers.gowrap1()
	/usr/local/go/src/runtime/mgc.go:1373 +0x25 fp=0xc0001d0fe0 sp=0xc0001d0fc8 pc=0x426065
runtime.goexit({})
	/usr/local/go/src/runtime/asm_amd64.s:1693 +0x1 fp=0xc0001d0fe8 sp=0xc0001d0fe0 pc=0x4816e1
created by runtime.gcBgMarkStartWorkers in goroutine 1
	/usr/local/go/src/runtime/mgc.go:1373 +0x105

goroutine 40 gp=0xc000414a80 m=nil [GC worker (idle)]:
runtime.gopark(0x0?, 0x0?, 0x0?, 0x0?, 0x0?)
	/usr/local/go/src/runtime/proc.go:460 +0xce fp=0xc0001d1738 sp=0xc0001d1718 pc=0x47974e
runtime.gcBgMarkWorker(0xc0002108c0)
	/usr/local/go/src/runtime/mgc.go:1463 +0xeb fp=0xc0001d17c8 sp=0xc0001d1738 pc=0x42618b
runtime.gcBgMarkStartWorkers.gowrap1()
	/usr/local/go/src/runtime/mgc.go:1373 +0x25 fp=0xc0001d17e0 sp=0xc0001d17c8 pc=0x426065
runtime.goexit({})
	/usr/local/go/src/runtime/asm_amd64.s:1693 +0x1 fp=0xc0001d17e8 sp=0xc0001d17e0 pc=0x4816e1
created by runtime.gcBgMarkStartWorkers in goroutine 1
	/usr/local/go/src/runtime/mgc.go:1373 +0x105

goroutine 41 gp=0xc000414c40 m=nil [GC worker (idle)]:
runtime.gopark(0x0?, 0x0?, 0x0?, 0x0?, 0x0?)
	/usr/local/go/src/runtime/proc.go:460 +0xce fp=0xc0001d1f38 sp=0xc0001d1f18 pc=0x47974e
runtime.gcBgMarkWorker(0xc0002108c0)
	/usr/local/go/src/runtime/mgc.go:1463 +0xeb fp=0xc0001d1fc8 sp=0xc0001d1f38 pc=0x42618b
runtime.gcBgMarkStartWorkers.gowrap1()
	/usr/local/go/src/runtime/mgc.go:1373 +0x25 fp=0xc0001d1fe0 sp=0xc0001d1fc8 pc=0x426065
runtime.goexit({})
	/usr/local/go/src/runtime/asm_amd64.s:1693 +0x1 fp=0xc0001d1fe8 sp=0xc0001d1fe0 pc=0x4816e1
created by runtime.gcBgMarkStartWorkers in goroutine 1
	/usr/local/go/src/runtime/mgc.go:1373 +0x105

goroutine 61 gp=0xc0001e0700 m=nil [GC worker (idle)]:
runtime.gopark(0x0?, 0x0?, 0x0?, 0x0?, 0x0?)
	/usr/local/go/src/runtime/proc.go:460 +0xce fp=0xc0001d7f38 sp=0xc0001d7f18 pc=0x47974e
runtime.gcBgMarkWorker(0xc0002108c0)
	/usr/local/go/src/runtime/mgc.go:1463 +0xeb fp=0xc0001d7fc8 sp=0xc0001d7f38 pc=0x42618b
runtime.gcBgMarkStartWorkers.gowrap1()
	/usr/local/go/src/runtime/mgc.go:1373 +0x25 fp=0xc0001d7fe0 sp=0xc0001d7fc8 pc=0x426065
runtime.goexit({})
	/usr/local/go/src/runtime/asm_amd64.s:1693 +0x1 fp=0xc0001d7fe8 sp=0xc0001d7fe0 pc=0x4816e1
created by runtime.gcBgMarkStartWorkers in goroutine 1
	/usr/local/go/src/runtime/mgc.go:1373 +0x105

goroutine 24 gp=0xc000203340 m=nil [GC worker (idle)]:
runtime.gopark(0x0?, 0x0?, 0x0?, 0x0?, 0x0?)
	/usr/local/go/src/runtime/proc.go:460 +0xce fp=0xc000184f38 sp=0xc000184f18 pc=0x47974e
runtime.gcBgMarkWorker(0xc0002108c0)
	/usr/local/go/src/runtime/mgc.go:1463 +0xeb fp=0xc000184fc8 sp=0xc000184f38 pc=0x42618b
runtime.gcBgMarkStartWorkers.gowrap1()
	/usr/local/go/src/runtime/mgc.go:1373 +0x25 fp=0xc000184fe0 sp=0xc000184fc8 pc=0x426065
runtime.goexit({})
	/usr/local/go/src/runtime/asm_amd64.s:1693 +0x1 fp=0xc000184fe8 sp=0xc000184fe0 pc=0x4816e1
created by runtime.gcBgMarkStartWorkers in goroutine 1
	/usr/local/go/src/runtime/mgc.go:1373 +0x105

goroutine 42 gp=0xc000414e00 m=nil [GC worker (idle)]:
runtime.gopark(0x0?, 0x0?, 0x0?, 0x0?, 0x0?)
	/usr/local/go/src/runtime/proc.go:460 +0xce fp=0xc000484738 sp=0xc000484718 pc=0x47974e
runtime.gcBgMarkWorker(0xc0002108c0)
	/usr/local/go/src/runtime/mgc.go:1463 +0xeb fp=0xc0004847c8 sp=0xc000484738 pc=0x42618b
runtime.gcBgMarkStartWorkers.gowrap1()
	/usr/local/go/src/runtime/mgc.go:1373 +0x25 fp=0xc0004847e0 sp=0xc0004847c8 pc=0x426065
runtime.goexit({})
	/usr/local/go/src/runtime/asm_amd64.s:1693 +0x1 fp=0xc0004847e8 sp=0xc0004847e0 pc=0x4816e1
created by runtime.gcBgMarkStartWorkers in goroutine 1
	/usr/local/go/src/runtime/mgc.go:1373 +0x105

goroutine 43 gp=0xc000414fc0 m=nil [GC worker (idle)]:
runtime.gopark(0x0?, 0x0?, 0x0?, 0x0?, 0x0?)
	/usr/local/go/src/runtime/proc.go:460 +0xce fp=0xc000484f38 sp=0xc000484f18 pc=0x47974e
runtime.gcBgMarkWorker(0xc0002108c0)
	/usr/local/go/src/runtime/mgc.go:1463 +0xeb fp=0xc000484fc8 sp=0xc000484f38 pc=0x42618b
runtime.gcBgMarkStartWorkers.gowrap1()
	/usr/local/go/src/runtime/mgc.go:1373 +0x25 fp=0xc000484fe0 sp=0xc000484fc8 pc=0x426065
runtime.goexit({})
	/usr/local/go/src/runtime/asm_amd64.s:1693 +0x1 fp=0xc000484fe8 sp=0xc000484fe0 pc=0x4816e1
created by runtime.gcBgMarkStartWorkers in goroutine 1
	/usr/local/go/src/runtime/mgc.go:1373 +0x105

goroutine 44 gp=0xc000415180 m=nil [GC worker (idle)]:
runtime.gopark(0x0?, 0x0?, 0x0?, 0x0?, 0x0?)
	/usr/local/go/src/runtime/proc.go:460 +0xce fp=0xc000485738 sp=0xc000485718 pc=0x47974e
runtime.gcBgMarkWorker(0xc0002108c0)
	/usr/local/go/src/runtime/mgc.go:1463 +0xeb fp=0xc0004857c8 sp=0xc000485738 pc=0x42618b
runtime.gcBgMarkStartWorkers.gowrap1()
	/usr/local/go/src/runtime/mgc.go:1373 +0x25 fp=0xc0004857e0 sp=0xc0004857c8 pc=0x426065
runtime.goexit({})
	/usr/local/go/src/runtime/asm_amd64.s:1693 +0x1 fp=0xc0004857e8 sp=0xc0004857e0 pc=0x4816e1
created by runtime.gcBgMarkStartWorkers in goroutine 1
	/usr/local/go/src/runtime/mgc.go:1373 +0x105

goroutine 45 gp=0xc000415340 m=nil [GC worker (idle)]:
runtime.gopark(0x0?, 0x0?, 0x0?, 0x0?, 0x0?)
	/usr/local/go/src/runtime/proc.go:460 +0xce fp=0xc000485f38 sp=0xc000485f18 pc=0x47974e
runtime.gcBgMarkWorker(0xc0002108c0)
	/usr/local/go/src/runtime/mgc.go:1463 +0xeb fp=0xc000485fc8 sp=0xc000485f38 pc=0x42618b
runtime.gcBgMarkStartWorkers.gowrap1()
	/usr/local/go/src/runtime/mgc.go:1373 +0x25 fp=0xc000485fe0 sp=0xc000485fc8 pc=0x426065
runtime.goexit({})
	/usr/local/go/src/runtime/asm_amd64.s:1693 +0x1 fp=0xc000485fe8 sp=0xc000485fe0 pc=0x4816e1
created by runtime.gcBgMarkStartWorkers in goroutine 1
	/usr/local/go/src/runtime/mgc.go:1373 +0x105

goroutine 46 gp=0xc000415500 m=nil [GC worker (idle)]:
runtime.gopark(0x0?, 0x0?, 0x0?, 0x0?, 0x0?)
	/usr/local/go/src/runtime/proc.go:460 +0xce fp=0xc000486738 sp=0xc000486718 pc=0x47974e
runtime.gcBgMarkWorker(0xc0002108c0)
	/usr/local/go/src/runtime/mgc.go:1463 +0xeb fp=0xc0004867c8 sp=0xc000486738 pc=0x42618b
runtime.gcBgMarkStartWorkers.gowrap1()
	/usr/local/go/src/runtime/mgc.go:1373 +0x25 fp=0xc0004867e0 sp=0xc0004867c8 pc=0x426065
runtime.goexit({})
	/usr/local/go/src/runtime/asm_amd64.s:1693 +0x1 fp=0xc0004867e8 sp=0xc0004867e0 pc=0x4816e1
created by runtime.gcBgMarkStartWorkers in goroutine 1
	/usr/local/go/src/runtime/mgc.go:1373 +0x105

goroutine 47 gp=0xc0004156c0 m=nil [GC worker (idle)]:
runtime.gopark(0x0?, 0x0?, 0x0?, 0x0?, 0x0?)
	/usr/local/go/src/runtime/proc.go:460 +0xce fp=0xc000486f38 sp=0xc000486f18 pc=0x47974e
runtime.gcBgMarkWorker(0xc0002108c0)
	/usr/local/go/src/runtime/mgc.go:1463 +0xeb fp=0xc000486fc8 sp=0xc000486f38 pc=0x42618b
runtime.gcBgMarkStartWorkers.gowrap1()
	/usr/local/go/src/runtime/mgc.go:1373 +0x25 fp=0xc000486fe0 sp=0xc000486fc8 pc=0x426065
runtime.goexit({})
	/usr/local/go/src/runtime/asm_amd64.s:1693 +0x1 fp=0xc000486fe8 sp=0xc000486fe0 pc=0x4816e1
created by runtime.gcBgMarkStartWorkers in goroutine 1
	/usr/local/go/src/runtime/mgc.go:1373 +0x105

goroutine 62 gp=0xc0001e08c0 m=nil [GC worker (idle)]:
runtime.gopark(0x0?, 0x0?, 0x0?, 0x0?, 0x0?)
	/usr/local/go/src/runtime/proc.go:460 +0xce fp=0xc0001d8738 sp=0xc0001d8718 pc=0x47974e
runtime.gcBgMarkWorker(0xc0002108c0)
	/usr/local/go/src/runtime/mgc.go:1463 +0xeb fp=0xc0001d87c8 sp=0xc0001d8738 pc=0x42618b
runtime.gcBgMarkStartWorkers.gowrap1()
	/usr/local/go/src/runtime/mgc.go:1373 +0x25 fp=0xc0001d87e0 sp=0xc0001d87c8 pc=0x426065
runtime.goexit({})
	/usr/local/go/src/runtime/asm_amd64.s:1693 +0x1 fp=0xc0001d87e8 sp=0xc0001d87e0 pc=0x4816e1
created by runtime.gcBgMarkStartWorkers in goroutine 1
	/usr/local/go/src/runtime/mgc.go:1373 +0x105

goroutine 63 gp=0xc0001e0a80 m=nil [GC worker (idle)]:
runtime.gopark(0x0?, 0x0?, 0x0?, 0x0?, 0x0?)
	/usr/local/go/src/runtime/proc.go:460 +0xce fp=0xc0001d8f38 sp=0xc0001d8f18 pc=0x47974e
runtime.gcBgMarkWorker(0xc0002108c0)
	/usr/local/go/src/runtime/mgc.go:1463 +0xeb fp=0xc0001d8fc8 sp=0xc0001d8f38 pc=0x42618b
runtime.gcBgMarkStartWorkers.gowrap1()
	/usr/local/go/src/runtime/mgc.go:1373 +0x25 fp=0xc0001d8fe0 sp=0xc0001d8fc8 pc=0x426065
runtime.goexit({})
	/usr/local/go/src/runtime/asm_amd64.s:1693 +0x1 fp=0xc0001d8fe8 sp=0xc0001d8fe0 pc=0x4816e1
created by runtime.gcBgMarkStartWorkers in goroutine 1
	/usr/local/go/src/runtime/mgc.go:1373 +0x105

goroutine 64 gp=0xc0001e0c40 m=nil [GC worker (idle)]:
runtime.gopark(0x0?, 0x0?, 0x0?, 0x0?, 0x0?)
	/usr/local/go/src/runtime/proc.go:460 +0xce fp=0xc0001d9738 sp=0xc0001d9718 pc=0x47974e
runtime.gcBgMarkWorker(0xc0002108c0)
	/usr/local/go/src/runtime/mgc.go:1463 +0xeb fp=0xc0001d97c8 sp=0xc0001d9738 pc=0x42618b
runtime.gcBgMarkStartWorkers.gowrap1()
	/usr/local/go/src/runtime/mgc.go:1373 +0x25 fp=0xc0001d97e0 sp=0xc0001d97c8 pc=0x426065
runtime.goexit({})
	/usr/local/go/src/runtime/asm_amd64.s:1693 +0x1 fp=0xc0001d97e8 sp=0xc0001d97e0 pc=0x4816e1
created by runtime.gcBgMarkStartWorkers in goroutine 1
	/usr/local/go/src/runtime/mgc.go:1373 +0x105

goroutine 65 gp=0xc0001e0e00 m=nil [GC worker (idle)]:
runtime.gopark(0x0?, 0x0?, 0x0?, 0x0?, 0x0?)
	/usr/local/go/src/runtime/proc.go:460 +0xce fp=0xc0001d9f38 sp=0xc0001d9f18 pc=0x47974e
runtime.gcBgMarkWorker(0xc0002108c0)
	/usr/local/go/src/runtime/mgc.go:1463 +0xeb fp=0xc0001d9fc8 sp=0xc0001d9f38 pc=0x42618b
runtime.gcBgMarkStartWorkers.gowrap1()
	/usr/local/go/src/runtime/mgc.go:1373 +0x25 fp=0xc0001d9fe0 sp=0xc0001d9fc8 pc=0x426065
runtime.goexit({})
	/usr/local/go/src/runtime/asm_amd64.s:1693 +0x1 fp=0xc0001d9fe8 sp=0xc0001d9fe0 pc=0x4816e1
created by runtime.gcBgMarkStartWorkers in goroutine 1
	/usr/local/go/src/runtime/mgc.go:1373 +0x105

goroutine 66 gp=0xc0001e0fc0 m=nil [GC worker (idle)]:
runtime.gopark(0x0?, 0x0?, 0x0?, 0x0?, 0x0?)
	/usr/local/go/src/runtime/proc.go:460 +0xce fp=0xc000480738 sp=0xc000480718 pc=0x47974e
runtime.gcBgMarkWorker(0xc0002108c0)
	/usr/local/go/src/runtime/mgc.go:1463 +0xeb fp=0xc0004807c8 sp=0xc000480738 pc=0x42618b
runtime.gcBgMarkStartWorkers.gowrap1()
	/usr/local/go/src/runtime/mgc.go:1373 +0x25 fp=0xc0004807e0 sp=0xc0004807c8 pc=0x426065
runtime.goexit({})
	/usr/local/go/src/runtime/asm_amd64.s:1693 +0x1 fp=0xc0004807e8 sp=0xc0004807e0 pc=0x4816e1
created by runtime.gcBgMarkStartWorkers in goroutine 1
	/usr/local/go/src/runtime/mgc.go:1373 +0x105

goroutine 48 gp=0xc000415880 m=nil [GC worker (idle)]:
runtime.gopark(0x0?, 0x0?, 0x0?, 0x0?, 0x0?)
	/usr/local/go/src/runtime/proc.go:460 +0xce fp=0xc000487738 sp=0xc000487718 pc=0x47974e
runtime.gcBgMarkWorker(0xc0002108c0)
	/usr/local/go/src/runtime/mgc.go:1463 +0xeb fp=0xc0004877c8 sp=0xc000487738 pc=0x42618b
runtime.gcBgMarkStartWorkers.gowrap1()
	/usr/local/go/src/runtime/mgc.go:1373 +0x25 fp=0xc0004877e0 sp=0xc0004877c8 pc=0x426065
runtime.goexit({})
	/usr/local/go/src/runtime/asm_amd64.s:1693 +0x1 fp=0xc0004877e8 sp=0xc0004877e0 pc=0x4816e1
created by runtime.gcBgMarkStartWorkers in goroutine 1
	/usr/local/go/src/runtime/mgc.go:1373 +0x105

goroutine 49 gp=0xc000415a40 m=nil [GC worker (idle)]:
runtime.gopark(0x0?, 0x0?, 0x0?, 0x0?, 0x0?)
	/usr/local/go/src/runtime/proc.go:460 +0xce fp=0xc000487f38 sp=0xc000487f18 pc=0x47974e
runtime.gcBgMarkWorker(0xc0002108c0)
	/usr/local/go/src/runtime/mgc.go:1463 +0xeb fp=0xc000487fc8 sp=0xc000487f38 pc=0x42618b
runtime.gcBgMarkStartWorkers.gowrap1()
	/usr/local/go/src/runtime/mgc.go:1373 +0x25 fp=0xc000487fe0 sp=0xc000487fc8 pc=0x426065
runtime.goexit({})
	/usr/local/go/src/runtime/asm_amd64.s:1693 +0x1 fp=0xc000487fe8 sp=0xc000487fe0 pc=0x4816e1
created by runtime.gcBgMarkStartWorkers in goroutine 1
	/usr/local/go/src/runtime/mgc.go:1373 +0x105

goroutine 67 gp=0xc0001e1180 m=nil [GC worker (idle)]:
runtime.gopark(0x0?, 0x0?, 0x0?, 0x0?, 0x0?)
	/usr/local/go/src/runtime/proc.go:460 +0xce fp=0xc000480f38 sp=0xc000480f18 pc=0x47974e
runtime.gcBgMarkWorker(0xc0002108c0)
	/usr/local/go/src/runtime/mgc.go:1463 +0xeb fp=0xc000480fc8 sp=0xc000480f38 pc=0x42618b
runtime.gcBgMarkStartWorkers.gowrap1()
	/usr/local/go/src/runtime/mgc.go:1373 +0x25 fp=0xc000480fe0 sp=0xc000480fc8 pc=0x426065
runtime.goexit({})
	/usr/local/go/src/runtime/asm_amd64.s:1693 +0x1 fp=0xc000480fe8 sp=0xc000480fe0 pc=0x4816e1
created by runtime.gcBgMarkStartWorkers in goroutine 1
	/usr/local/go/src/runtime/mgc.go:1373 +0x105

goroutine 68 gp=0xc0001e1340 m=nil [GC worker (idle)]:
runtime.gopark(0x0?, 0x0?, 0x0?, 0x0?, 0x0?)
	/usr/local/go/src/runtime/proc.go:460 +0xce fp=0xc000481738 sp=0xc000481718 pc=0x47974e
runtime.gcBgMarkWorker(0xc0002108c0)
	/usr/local/go/src/runtime/mgc.go:1463 +0xeb fp=0xc0004817c8 sp=0xc000481738 pc=0x42618b
runtime.gcBgMarkStartWorkers.gowrap1()
	/usr/local/go/src/runtime/mgc.go:1373 +0x25 fp=0xc0004817e0 sp=0xc0004817c8 pc=0x426065
runtime.goexit({})
	/usr/local/go/src/runtime/asm_amd64.s:1693 +0x1 fp=0xc0004817e8 sp=0xc0004817e0 pc=0x4816e1
created by runtime.gcBgMarkStartWorkers in goroutine 1
	/usr/local/go/src/runtime/mgc.go:1373 +0x105

goroutine 69 gp=0xc0001e1500 m=nil [GC worker (idle)]:
runtime.gopark(0x0?, 0x0?, 0x0?, 0x0?, 0x0?)
	/usr/local/go/src/runtime/proc.go:460 +0xce fp=0xc000481f38 sp=0xc000481f18 pc=0x47974e
runtime.gcBgMarkWorker(0xc0002108c0)
	/usr/local/go/src/runtime/mgc.go:1463 +0xeb fp=0xc000481fc8 sp=0xc000481f38 pc=0x42618b
runtime.gcBgMarkStartWorkers.gowrap1()
	/usr/local/go/src/runtime/mgc.go:1373 +0x25 fp=0xc000481fe0 sp=0xc000481fc8 pc=0x426065
runtime.goexit({})
	/usr/local/go/src/runtime/asm_amd64.s:1693 +0x1 fp=0xc000481fe8 sp=0xc000481fe0 pc=0x4816e1
created by runtime.gcBgMarkStartWorkers in goroutine 1
	/usr/local/go/src/runtime/mgc.go:1373 +0x105

goroutine 70 gp=0xc0001e16c0 m=nil [GC worker (idle)]:
runtime.gopark(0x0?, 0x0?, 0x0?, 0x0?, 0x0?)
	/usr/local/go/src/runtime/proc.go:460 +0xce fp=0xc000482738 sp=0xc000482718 pc=0x47974e
runtime.gcBgMarkWorker(0xc0002108c0)
	/usr/local/go/src/runtime/mgc.go:1463 +0xeb fp=0xc0004827c8 sp=0xc000482738 pc=0x42618b
runtime.gcBgMarkStartWorkers.gowrap1()
	/usr/local/go/src/runtime/mgc.go:1373 +0x25 fp=0xc0004827e0 sp=0xc0004827c8 pc=0x426065
runtime.goexit({})
	/usr/local/go/src/runtime/asm_amd64.s:1693 +0x1 fp=0xc0004827e8 sp=0xc0004827e0 pc=0x4816e1
created by runtime.gcBgMarkStartWorkers in goroutine 1
	/usr/local/go/src/runtime/mgc.go:1373 +0x105

goroutine 71 gp=0xc0001e1880 m=nil [GC worker (idle)]:
runtime.gopark(0x0?, 0x0?, 0x0?, 0x0?, 0x0?)
	/usr/local/go/src/runtime/proc.go:460 +0xce fp=0xc000482f38 sp=0xc000482f18 pc=0x47974e
runtime.gcBgMarkWorker(0xc0002108c0)
	/usr/local/go/src/runtime/mgc.go:1463 +0xeb fp=0xc000482fc8 sp=0xc000482f38 pc=0x42618b
runtime.gcBgMarkStartWorkers.gowrap1()
	/usr/local/go/src/runtime/mgc.go:1373 +0x25 fp=0xc000482fe0 sp=0xc000482fc8 pc=0x426065
runtime.goexit({})
	/usr/local/go/src/runtime/asm_amd64.s:1693 +0x1 fp=0xc000482fe8 sp=0xc000482fe0 pc=0x4816e1
created by runtime.gcBgMarkStartWorkers in goroutine 1
	/usr/local/go/src/runtime/mgc.go:1373 +0x105

goroutine 25 gp=0xc000203500 m=nil [GC worker (idle)]:
runtime.gopark(0x0?, 0x0?, 0x0?, 0x0?, 0x0?)
	/usr/local/go/src/runtime/proc.go:460 +0xce fp=0xc000185738 sp=0xc000185718 pc=0x47974e
runtime.gcBgMarkWorker(0xc0002108c0)
	/usr/local/go/src/runtime/mgc.go:1463 +0xeb fp=0xc0001857c8 sp=0xc000185738 pc=0x42618b
runtime.gcBgMarkStartWorkers.gowrap1()
	/usr/local/go/src/runtime/mgc.go:1373 +0x25 fp=0xc0001857e0 sp=0xc0001857c8 pc=0x426065
runtime.goexit({})
	/usr/local/go/src/runtime/asm_amd64.s:1693 +0x1 fp=0xc0001857e8 sp=0xc0001857e0 pc=0x4816e1
created by runtime.gcBgMarkStartWorkers in goroutine 1
	/usr/local/go/src/runtime/mgc.go:1373 +0x105

goroutine 26 gp=0xc0002036c0 m=nil [GC worker (idle)]:
runtime.gopark(0x0?, 0x0?, 0x0?, 0x0?, 0x0?)
	/usr/local/go/src/runtime/proc.go:460 +0xce fp=0xc000185f38 sp=0xc000185f18 pc=0x47974e
runtime.gcBgMarkWorker(0xc0002108c0)
	/usr/local/go/src/runtime/mgc.go:1463 +0xeb fp=0xc000185fc8 sp=0xc000185f38 pc=0x42618b
runtime.gcBgMarkStartWorkers.gowrap1()
	/usr/local/go/src/runtime/mgc.go:1373 +0x25 fp=0xc000185fe0 sp=0xc000185fc8 pc=0x426065
runtime.goexit({})
	/usr/local/go/src/runtime/asm_amd64.s:1693 +0x1 fp=0xc000185fe8 sp=0xc000185fe0 pc=0x4816e1
created by runtime.gcBgMarkStartWorkers in goroutine 1
	/usr/local/go/src/runtime/mgc.go:1373 +0x105

goroutine 27 gp=0xc000203880 m=nil [GC worker (idle)]:
runtime.gopark(0x0?, 0x0?, 0x0?, 0x0?, 0x0?)
	/usr/local/go/src/runtime/proc.go:460 +0xce fp=0xc00048c738 sp=0xc00048c718 pc=0x47974e
runtime.gcBgMarkWorker(0xc0002108c0)
	/usr/local/go/src/runtime/mgc.go:1463 +0xeb fp=0xc00048c7c8 sp=0xc00048c738 pc=0x42618b
runtime.gcBgMarkStartWorkers.gowrap1()
	/usr/local/go/src/runtime/mgc.go:1373 +0x25 fp=0xc00048c7e0 sp=0xc00048c7c8 pc=0x426065
runtime.goexit({})
	/usr/local/go/src/runtime/asm_amd64.s:1693 +0x1 fp=0xc00048c7e8 sp=0xc00048c7e0 pc=0x4816e1
created by runtime.gcBgMarkStartWorkers in goroutine 1
	/usr/local/go/src/runtime/mgc.go:1373 +0x105

goroutine 28 gp=0xc000203a40 m=nil [GC worker (idle)]:
runtime.gopark(0x0?, 0x0?, 0x0?, 0x0?, 0x0?)
	/usr/local/go/src/runtime/proc.go:460 +0xce fp=0xc00048cf38 sp=0xc00048cf18 pc=0x47974e
runtime.gcBgMarkWorker(0xc0002108c0)
	/usr/local/go/src/runtime/mgc.go:1463 +0xeb fp=0xc00048cfc8 sp=0xc00048cf38 pc=0x42618b
runtime.gcBgMarkStartWorkers.gowrap1()
	/usr/local/go/src/runtime/mgc.go:1373 +0x25 fp=0xc00048cfe0 sp=0xc00048cfc8 pc=0x426065
runtime.goexit({})
	/usr/local/go/src/runtime/asm_amd64.s:1693 +0x1 fp=0xc00048cfe8 sp=0xc00048cfe0 pc=0x4816e1
created by runtime.gcBgMarkStartWorkers in goroutine 1
	/usr/local/go/src/runtime/mgc.go:1373 +0x105

goroutine 29 gp=0xc000203c00 m=nil [GC worker (idle)]:
runtime.gopark(0x0?, 0x0?, 0x0?, 0x0?, 0x0?)
	/usr/local/go/src/runtime/proc.go:460 +0xce fp=0xc00048d738 sp=0xc00048d718 pc=0x47974e
runtime.gcBgMarkWorker(0xc0002108c0)
	/usr/local/go/src/runtime/mgc.go:1463 +0xeb fp=0xc00048d7c8 sp=0xc00048d738 pc=0x42618b
runtime.gcBgMarkStartWorkers.gowrap1()
	/usr/local/go/src/runtime/mgc.go:1373 +0x25 fp=0xc00048d7e0 sp=0xc00048d7c8 pc=0x426065
runtime.goexit({})
	/usr/local/go/src/runtime/asm_amd64.s:1693 +0x1 fp=0xc00048d7e8 sp=0xc00048d7e0 pc=0x4816e1
created by runtime.gcBgMarkStartWorkers in goroutine 1
	/usr/local/go/src/runtime/mgc.go:1373 +0x105

goroutine 30 gp=0xc000203dc0 m=nil [GC worker (idle)]:
runtime.gopark(0x0?, 0x0?, 0x0?, 0x0?, 0x0?)
	/usr/local/go/src/runtime/proc.go:460 +0xce fp=0xc00048df38 sp=0xc00048df18 pc=0x47974e
runtime.gcBgMarkWorker(0xc0002108c0)
	/usr/local/go/src/runtime/mgc.go:1463 +0xeb fp=0xc00048dfc8 sp=0xc00048df38 pc=0x42618b
runtime.gcBgMarkStartWorkers.gowrap1()
	/usr/local/go/src/runtime/mgc.go:1373 +0x25 fp=0xc00048dfe0 sp=0xc00048dfc8 pc=0x426065
runtime.goexit({})
	/usr/local/go/src/runtime/asm_amd64.s:1693 +0x1 fp=0xc00048dfe8 sp=0xc00048dfe0 pc=0x4816e1
created by runtime.gcBgMarkStartWorkers in goroutine 1
	/usr/local/go/src/runtime/mgc.go:1373 +0x105

goroutine 31 gp=0xc000492000 m=nil [GC worker (idle)]:
runtime.gopark(0x0?, 0x0?, 0x0?, 0x0?, 0x0?)
	/usr/local/go/src/runtime/proc.go:460 +0xce fp=0xc00048e738 sp=0xc00048e718 pc=0x47974e
runtime.gcBgMarkWorker(0xc0002108c0)
	/usr/local/go/src/runtime/mgc.go:1463 +0xeb fp=0xc00048e7c8 sp=0xc00048e738 pc=0x42618b
runtime.gcBgMarkStartWorkers.gowrap1()
	/usr/local/go/src/runtime/mgc.go:1373 +0x25 fp=0xc00048e7e0 sp=0xc00048e7c8 pc=0x426065
runtime.goexit({})
	/usr/local/go/src/runtime/asm_amd64.s:1693 +0x1 fp=0xc00048e7e8 sp=0xc00048e7e0 pc=0x4816e1
created by runtime.gcBgMarkStartWorkers in goroutine 1
	/usr/local/go/src/runtime/mgc.go:1373 +0x105

goroutine 32 gp=0xc0004921c0 m=nil [GC worker (idle)]:
runtime.gopark(0x0?, 0x0?, 0x0?, 0x0?, 0x0?)
	/usr/local/go/src/runtime/proc.go:460 +0xce fp=0xc00048ef38 sp=0xc00048ef18 pc=0x47974e
runtime.gcBgMarkWorker(0xc0002108c0)
	/usr/local/go/src/runtime/mgc.go:1463 +0xeb fp=0xc00048efc8 sp=0xc00048ef38 pc=0x42618b
runtime.gcBgMarkStartWorkers.gowrap1()
	/usr/local/go/src/runtime/mgc.go:1373 +0x25 fp=0xc00048efe0 sp=0xc00048efc8 pc=0x426065
runtime.goexit({})
	/usr/local/go/src/runtime/asm_amd64.s:1693 +0x1 fp=0xc00048efe8 sp=0xc00048efe0 pc=0x4816e1
created by runtime.gcBgMarkStartWorkers in goroutine 1
	/usr/local/go/src/runtime/mgc.go:1373 +0x105

goroutine 82 gp=0xc000415c00 m=nil [GC worker (idle)]:
runtime.gopark(0x0?, 0x0?, 0x0?, 0x0?, 0x0?)
	/usr/local/go/src/runtime/proc.go:460 +0xce fp=0xc000488738 sp=0xc000488718 pc=0x47974e
runtime.gcBgMarkWorker(0xc0002108c0)
	/usr/local/go/src/runtime/mgc.go:1463 +0xeb fp=0xc0004887c8 sp=0xc000488738 pc=0x42618b
runtime.gcBgMarkStartWorkers.gowrap1()
	/usr/local/go/src/runtime/mgc.go:1373 +0x25 fp=0xc0004887e0 sp=0xc0004887c8 pc=0x426065
runtime.goexit({})
	/usr/local/go/src/runtime/asm_amd64.s:1693 +0x1 fp=0xc0004887e8 sp=0xc0004887e0 pc=0x4816e1
created by runtime.gcBgMarkStartWorkers in goroutine 1
	/usr/local/go/src/runtime/mgc.go:1373 +0x105

goroutine 33 gp=0xc000492380 m=nil [GC worker (idle)]:
runtime.gopark(0x0?, 0x0?, 0x0?, 0x0?, 0x0?)
	/usr/local/go/src/runtime/proc.go:460 +0xce fp=0xc00048f738 sp=0xc00048f718 pc=0x47974e
runtime.gcBgMarkWorker(0xc0002108c0)
	/usr/local/go/src/runtime/mgc.go:1463 +0xeb fp=0xc00048f7c8 sp=0xc00048f738 pc=0x42618b
runtime.gcBgMarkStartWorkers.gowrap1()
	/usr/local/go/src/runtime/mgc.go:1373 +0x25 fp=0xc00048f7e0 sp=0xc00048f7c8 pc=0x426065
runtime.goexit({})
	/usr/local/go/src/runtime/asm_amd64.s:1693 +0x1 fp=0xc00048f7e8 sp=0xc00048f7e0 pc=0x4816e1
created by runtime.gcBgMarkStartWorkers in goroutine 1
	/usr/local/go/src/runtime/mgc.go:1373 +0x105

goroutine 98 gp=0xc000492540 m=nil [GC worker (idle)]:
runtime.gopark(0x0?, 0x0?, 0x0?, 0x0?, 0x0?)
	/usr/local/go/src/runtime/proc.go:460 +0xce fp=0xc00048ff38 sp=0xc00048ff18 pc=0x47974e
runtime.gcBgMarkWorker(0xc0002108c0)
	/usr/local/go/src/runtime/mgc.go:1463 +0xeb fp=0xc00048ffc8 sp=0xc00048ff38 pc=0x42618b
runtime.gcBgMarkStartWorkers.gowrap1()
	/usr/local/go/src/runtime/mgc.go:1373 +0x25 fp=0xc00048ffe0 sp=0xc00048ffc8 pc=0x426065
runtime.goexit({})
	/usr/local/go/src/runtime/asm_amd64.s:1693 +0x1 fp=0xc00048ffe8 sp=0xc00048ffe0 pc=0x4816e1
created by runtime.gcBgMarkStartWorkers in goroutine 1
	/usr/local/go/src/runtime/mgc.go:1373 +0x105

goroutine 99 gp=0xc000492700 m=nil [GC worker (idle)]:
runtime.gopark(0x0?, 0x0?, 0x0?, 0x0?, 0x0?)
	/usr/local/go/src/runtime/proc.go:460 +0xce fp=0xc000498738 sp=0xc000498718 pc=0x47974e
runtime.gcBgMarkWorker(0xc0002108c0)
	/usr/local/go/src/runtime/mgc.go:1463 +0xeb fp=0xc0004987c8 sp=0xc000498738 pc=0x42618b
runtime.gcBgMarkStartWorkers.gowrap1()
	/usr/local/go/src/runtime/mgc.go:1373 +0x25 fp=0xc0004987e0 sp=0xc0004987c8 pc=0x426065
runtime.goexit({})
	/usr/local/go/src/runtime/asm_amd64.s:1693 +0x1 fp=0xc0004987e8 sp=0xc0004987e0 pc=0x4816e1
created by runtime.gcBgMarkStartWorkers in goroutine 1
	/usr/local/go/src/runtime/mgc.go:1373 +0x105

goroutine 100 gp=0xc0004928c0 m=nil [GC worker (idle)]:
runtime.gopark(0x0?, 0x0?, 0x0?, 0x0?, 0x0?)
	/usr/local/go/src/runtime/proc.go:460 +0xce fp=0xc000498f38 sp=0xc000498f18 pc=0x47974e
runtime.gcBgMarkWorker(0xc0002108c0)
	/usr/local/go/src/runtime/mgc.go:1463 +0xeb fp=0xc000498fc8 sp=0xc000498f38 pc=0x42618b
runtime.gcBgMarkStartWorkers.gowrap1()
	/usr/local/go/src/runtime/mgc.go:1373 +0x25 fp=0xc000498fe0 sp=0xc000498fc8 pc=0x426065
runtime.goexit({})
	/usr/local/go/src/runtime/asm_amd64.s:1693 +0x1 fp=0xc000498fe8 sp=0xc000498fe0 pc=0x4816e1
created by runtime.gcBgMarkStartWorkers in goroutine 1
	/usr/local/go/src/runtime/mgc.go:1373 +0x105

goroutine 83 gp=0xc000415dc0 m=nil [GC worker (idle)]:
runtime.gopark(0x0?, 0x0?, 0x0?, 0x0?, 0x0?)
	/usr/local/go/src/runtime/proc.go:460 +0xce fp=0xc000488f38 sp=0xc000488f18 pc=0x47974e
runtime.gcBgMarkWorker(0xc0002108c0)
	/usr/local/go/src/runtime/mgc.go:1463 +0xeb fp=0xc000488fc8 sp=0xc000488f38 pc=0x42618b
runtime.gcBgMarkStartWorkers.gowrap1()
	/usr/local/go/src/runtime/mgc.go:1373 +0x25 fp=0xc000488fe0 sp=0xc000488fc8 pc=0x426065
runtime.goexit({})
	/usr/local/go/src/runtime/asm_amd64.s:1693 +0x1 fp=0xc000488fe8 sp=0xc000488fe0 pc=0x4816e1
created by runtime.gcBgMarkStartWorkers in goroutine 1
	/usr/local/go/src/runtime/mgc.go:1373 +0x105

goroutine 84 gp=0xc000500000 m=nil [GC worker (idle)]:
runtime.gopark(0x0?, 0x0?, 0x0?, 0x0?, 0x0?)
	/usr/local/go/src/runtime/proc.go:460 +0xce fp=0xc000489738 sp=0xc000489718 pc=0x47974e
runtime.gcBgMarkWorker(0xc0002108c0)
	/usr/local/go/src/runtime/mgc.go:1463 +0xeb fp=0xc0004897c8 sp=0xc000489738 pc=0x42618b
runtime.gcBgMarkStartWorkers.gowrap1()
	/usr/local/go/src/runtime/mgc.go:1373 +0x25 fp=0xc0004897e0 sp=0xc0004897c8 pc=0x426065
runtime.goexit({})
	/usr/local/go/src/runtime/asm_amd64.s:1693 +0x1 fp=0xc0004897e8 sp=0xc0004897e0 pc=0x4816e1
created by runtime.gcBgMarkStartWorkers in goroutine 1
	/usr/local/go/src/runtime/mgc.go:1373 +0x105

goroutine 85 gp=0xc0005001c0 m=nil [GC worker (idle)]:
runtime.gopark(0x0?, 0x0?, 0x0?, 0x0?, 0x0?)
	/usr/local/go/src/runtime/proc.go:460 +0xce fp=0xc000489f38 sp=0xc000489f18 pc=0x47974e
runtime.gcBgMarkWorker(0xc0002108c0)
	/usr/local/go/src/runtime/mgc.go:1463 +0xeb fp=0xc000489fc8 sp=0xc000489f38 pc=0x42618b
runtime.gcBgMarkStartWorkers.gowrap1()
	/usr/local/go/src/runtime/mgc.go:1373 +0x25 fp=0xc000489fe0 sp=0xc000489fc8 pc=0x426065
runtime.goexit({})
	/usr/local/go/src/runtime/asm_amd64.s:1693 +0x1 fp=0xc000489fe8 sp=0xc000489fe0 pc=0x4816e1
created by runtime.gcBgMarkStartWorkers in goroutine 1
	/usr/local/go/src/runtime/mgc.go:1373 +0x105

goroutine 86 gp=0xc000500380 m=nil [GC worker (idle)]:
runtime.gopark(0x0?, 0x0?, 0x0?, 0x0?, 0x0?)
	/usr/local/go/src/runtime/proc.go:460 +0xce fp=0xc00048a738 sp=0xc00048a718 pc=0x47974e
runtime.gcBgMarkWorker(0xc0002108c0)
	/usr/local/go/src/runtime/mgc.go:1463 +0xeb fp=0xc00048a7c8 sp=0xc00048a738 pc=0x42618b
runtime.gcBgMarkStartWorkers.gowrap1()
	/usr/local/go/src/runtime/mgc.go:1373 +0x25 fp=0xc00048a7e0 sp=0xc00048a7c8 pc=0x426065
runtime.goexit({})
	/usr/local/go/src/runtime/asm_amd64.s:1693 +0x1 fp=0xc00048a7e8 sp=0xc00048a7e0 pc=0x4816e1
created by runtime.gcBgMarkStartWorkers in goroutine 1
	/usr/local/go/src/runtime/mgc.go:1373 +0x105

goroutine 87 gp=0xc000500540 m=nil [GC worker (idle)]:
runtime.gopark(0x0?, 0x0?, 0x0?, 0x0?, 0x0?)
	/usr/local/go/src/runtime/proc.go:460 +0xce fp=0xc00048af38 sp=0xc00048af18 pc=0x47974e
runtime.gcBgMarkWorker(0xc0002108c0)
	/usr/local/go/src/runtime/mgc.go:1463 +0xeb fp=0xc00048afc8 sp=0xc00048af38 pc=0x42618b
runtime.gcBgMarkStartWorkers.gowrap1()
	/usr/local/go/src/runtime/mgc.go:1373 +0x25 fp=0xc00048afe0 sp=0xc00048afc8 pc=0x426065
runtime.goexit({})
	/usr/local/go/src/runtime/asm_amd64.s:1693 +0x1 fp=0xc00048afe8 sp=0xc00048afe0 pc=0x4816e1
created by runtime.gcBgMarkStartWorkers in goroutine 1
	/usr/local/go/src/runtime/mgc.go:1373 +0x105

goroutine 88 gp=0xc000500700 m=nil [GC worker (idle)]:
runtime.gopark(0x0?, 0x0?, 0x0?, 0x0?, 0x0?)
	/usr/local/go/src/runtime/proc.go:460 +0xce fp=0xc00048b738 sp=0xc00048b718 pc=0x47974e
runtime.gcBgMarkWorker(0xc0002108c0)
	/usr/local/go/src/runtime/mgc.go:1463 +0xeb fp=0xc00048b7c8 sp=0xc00048b738 pc=0x42618b
runtime.gcBgMarkStartWorkers.gowrap1()
	/usr/local/go/src/runtime/mgc.go:1373 +0x25 fp=0xc00048b7e0 sp=0xc00048b7c8 pc=0x426065
runtime.goexit({})
	/usr/local/go/src/runtime/asm_amd64.s:1693 +0x1 fp=0xc00048b7e8 sp=0xc00048b7e0 pc=0x4816e1
created by runtime.gcBgMarkStartWorkers in goroutine 1
	/usr/local/go/src/runtime/mgc.go:1373 +0x105

goroutine 89 gp=0xc0005008c0 m=nil [GC worker (idle)]:
runtime.gopark(0x0?, 0x0?, 0x0?, 0x0?, 0x0?)
	/usr/local/go/src/runtime/proc.go:460 +0xce fp=0xc00048bf38 sp=0xc00048bf18 pc=0x47974e
runtime.gcBgMarkWorker(0xc0002108c0)
	/usr/local/go/src/runtime/mgc.go:1463 +0xeb fp=0xc00048bfc8 sp=0xc00048bf38 pc=0x42618b
runtime.gcBgMarkStartWorkers.gowrap1()
	/usr/local/go/src/runtime/mgc.go:1373 +0x25 fp=0xc00048bfe0 sp=0xc00048bfc8 pc=0x426065
runtime.goexit({})
	/usr/local/go/src/runtime/asm_amd64.s:1693 +0x1 fp=0xc00048bfe8 sp=0xc00048bfe0 pc=0x4816e1
created by runtime.gcBgMarkStartWorkers in goroutine 1
	/usr/local/go/src/runtime/mgc.go:1373 +0x105

goroutine 72 gp=0xc0001e1a40 m=nil [GC worker (idle)]:
runtime.gopark(0x0?, 0x0?, 0x0?, 0x0?, 0x0?)
	/usr/local/go/src/runtime/proc.go:460 +0xce fp=0xc000483738 sp=0xc000483718 pc=0x47974e
runtime.gcBgMarkWorker(0xc0002108c0)
	/usr/local/go/src/runtime/mgc.go:1463 +0xeb fp=0xc0004837c8 sp=0xc000483738 pc=0x42618b
runtime.gcBgMarkStartWorkers.gowrap1()
	/usr/local/go/src/runtime/mgc.go:1373 +0x25 fp=0xc0004837e0 sp=0xc0004837c8 pc=0x426065
runtime.goexit({})
	/usr/local/go/src/runtime/asm_amd64.s:1693 +0x1 fp=0xc0004837e8 sp=0xc0004837e0 pc=0x4816e1
created by runtime.gcBgMarkStartWorkers in goroutine 1
	/usr/local/go/src/runtime/mgc.go:1373 +0x105

goroutine 101 gp=0xc000492a80 m=nil [GC worker (idle)]:
runtime.gopark(0x0?, 0x0?, 0x0?, 0x0?, 0x0?)
	/usr/local/go/src/runtime/proc.go:460 +0xce fp=0xc000499738 sp=0xc000499718 pc=0x47974e
runtime.gcBgMarkWorker(0xc0002108c0)
	/usr/local/go/src/runtime/mgc.go:1463 +0xeb fp=0xc0004997c8 sp=0xc000499738 pc=0x42618b
runtime.gcBgMarkStartWorkers.gowrap1()
	/usr/local/go/src/runtime/mgc.go:1373 +0x25 fp=0xc0004997e0 sp=0xc0004997c8 pc=0x426065
runtime.goexit({})
	/usr/local/go/src/runtime/asm_amd64.s:1693 +0x1 fp=0xc0004997e8 sp=0xc0004997e0 pc=0x4816e1
created by runtime.gcBgMarkStartWorkers in goroutine 1
	/usr/local/go/src/runtime/mgc.go:1373 +0x105

goroutine 90 gp=0xc000500a80 m=nil [GC worker (idle)]:
runtime.gopark(0x0?, 0x0?, 0x0?, 0x0?, 0x0?)
	/usr/local/go/src/runtime/proc.go:460 +0xce fp=0xc000494738 sp=0xc000494718 pc=0x47974e
runtime.gcBgMarkWorker(0xc0002108c0)
	/usr/local/go/src/runtime/mgc.go:1463 +0xeb fp=0xc0004947c8 sp=0xc000494738 pc=0x42618b
runtime.gcBgMarkStartWorkers.gowrap1()
	/usr/local/go/src/runtime/mgc.go:1373 +0x25 fp=0xc0004947e0 sp=0xc0004947c8 pc=0x426065
runtime.goexit({})
	/usr/local/go/src/runtime/asm_amd64.s:1693 +0x1 fp=0xc0004947e8 sp=0xc0004947e0 pc=0x4816e1
created by runtime.gcBgMarkStartWorkers in goroutine 1
	/usr/local/go/src/runtime/mgc.go:1373 +0x105

goroutine 91 gp=0xc000500c40 m=nil [GC worker (idle)]:
runtime.gopark(0x0?, 0x0?, 0x0?, 0x0?, 0x0?)
	/usr/local/go/src/runtime/proc.go:460 +0xce fp=0xc000494f38 sp=0xc000494f18 pc=0x47974e
runtime.gcBgMarkWorker(0xc0002108c0)
	/usr/local/go/src/runtime/mgc.go:1463 +0xeb fp=0xc000494fc8 sp=0xc000494f38 pc=0x42618b
runtime.gcBgMarkStartWorkers.gowrap1()
	/usr/local/go/src/runtime/mgc.go:1373 +0x25 fp=0xc000494fe0 sp=0xc000494fc8 pc=0x426065
runtime.goexit({})
	/usr/local/go/src/runtime/asm_amd64.s:1693 +0x1 fp=0xc000494fe8 sp=0xc000494fe0 pc=0x4816e1
created by runtime.gcBgMarkStartWorkers in goroutine 1
	/usr/local/go/src/runtime/mgc.go:1373 +0x105

goroutine 73 gp=0xc0001e1c00 m=nil [GC worker (idle)]:
runtime.gopark(0x0?, 0x0?, 0x0?, 0x0?, 0x0?)
	/usr/local/go/src/runtime/proc.go:460 +0xce fp=0xc000483f38 sp=0xc000483f18 pc=0x47974e
runtime.gcBgMarkWorker(0xc0002108c0)
	/usr/local/go/src/runtime/mgc.go:1463 +0xeb fp=0xc000483fc8 sp=0xc000483f38 pc=0x42618b
runtime.gcBgMarkStartWorkers.gowrap1()
	/usr/local/go/src/runtime/mgc.go:1373 +0x25 fp=0xc000483fe0 sp=0xc000483fc8 pc=0x426065
runtime.goexit({})
	/usr/local/go/src/runtime/asm_amd64.s:1693 +0x1 fp=0xc000483fe8 sp=0xc000483fe0 pc=0x4816e1
created by runtime.gcBgMarkStartWorkers in goroutine 1
	/usr/local/go/src/runtime/mgc.go:1373 +0x105

goroutine 74 gp=0xc0001e1dc0 m=nil [GC worker (idle)]:
runtime.gopark(0x0?, 0x0?, 0x0?, 0x0?, 0x0?)
	/usr/local/go/src/runtime/proc.go:460 +0xce fp=0xc0001ea738 sp=0xc0001ea718 pc=0x47974e
runtime.gcBgMarkWorker(0xc0002108c0)
	/usr/local/go/src/runtime/mgc.go:1463 +0xeb fp=0xc0001ea7c8 sp=0xc0001ea738 pc=0x42618b
runtime.gcBgMarkStartWorkers.gowrap1()
	/usr/local/go/src/runtime/mgc.go:1373 +0x25 fp=0xc0001ea7e0 sp=0xc0001ea7c8 pc=0x426065
runtime.goexit({})
	/usr/local/go/src/runtime/asm_amd64.s:1693 +0x1 fp=0xc0001ea7e8 sp=0xc0001ea7e0 pc=0x4816e1
created by runtime.gcBgMarkStartWorkers in goroutine 1
	/usr/local/go/src/runtime/mgc.go:1373 +0x105

goroutine 75 gp=0xc0001ee000 m=nil [GC worker (idle)]:
runtime.gopark(0x0?, 0x0?, 0x0?, 0x0?, 0x0?)
	/usr/local/go/src/runtime/proc.go:460 +0xce fp=0xc0001eaf38 sp=0xc0001eaf18 pc=0x47974e
runtime.gcBgMarkWorker(0xc0002108c0)
	/usr/local/go/src/runtime/mgc.go:1463 +0xeb fp=0xc0001eafc8 sp=0xc0001eaf38 pc=0x42618b
runtime.gcBgMarkStartWorkers.gowrap1()
	/usr/local/go/src/runtime/mgc.go:1373 +0x25 fp=0xc0001eafe0 sp=0xc0001eafc8 pc=0x426065
runtime.goexit({})
	/usr/local/go/src/runtime/asm_amd64.s:1693 +0x1 fp=0xc0001eafe8 sp=0xc0001eafe0 pc=0x4816e1
created by runtime.gcBgMarkStartWorkers in goroutine 1
	/usr/local/go/src/runtime/mgc.go:1373 +0x105

goroutine 76 gp=0xc0001ee1c0 m=nil [GC worker (idle)]:
runtime.gopark(0x0?, 0x0?, 0x0?, 0x0?, 0x0?)
	/usr/local/go/src/runtime/proc.go:460 +0xce fp=0xc0001eb738 sp=0xc0001eb718 pc=0x47974e
runtime.gcBgMarkWorker(0xc0002108c0)
	/usr/local/go/src/runtime/mgc.go:1463 +0xeb fp=0xc0001eb7c8 sp=0xc0001eb738 pc=0x42618b
runtime.gcBgMarkStartWorkers.gowrap1()
	/usr/local/go/src/runtime/mgc.go:1373 +0x25 fp=0xc0001eb7e0 sp=0xc0001eb7c8 pc=0x426065
runtime.goexit({})
	/usr/local/go/src/runtime/asm_amd64.s:1693 +0x1 fp=0xc0001eb7e8 sp=0xc0001eb7e0 pc=0x4816e1
created by runtime.gcBgMarkStartWorkers in goroutine 1
	/usr/local/go/src/runtime/mgc.go:1373 +0x105

goroutine 77 gp=0xc0001ee380 m=nil [GC worker (idle)]:
runtime.gopark(0x0?, 0x0?, 0x0?, 0x0?, 0x0?)
	/usr/local/go/src/runtime/proc.go:460 +0xce fp=0xc0001ebf38 sp=0xc0001ebf18 pc=0x47974e
runtime.gcBgMarkWorker(0xc0002108c0)
	/usr/local/go/src/runtime/mgc.go:1463 +0xeb fp=0xc0001ebfc8 sp=0xc0001ebf38 pc=0x42618b
runtime.gcBgMarkStartWorkers.gowrap1()
	/usr/local/go/src/runtime/mgc.go:1373 +0x25 fp=0xc0001ebfe0 sp=0xc0001ebfc8 pc=0x426065
runtime.goexit({})
	/usr/local/go/src/runtime/asm_amd64.s:1693 +0x1 fp=0xc0001ebfe8 sp=0xc0001ebfe0 pc=0x4816e1
created by runtime.gcBgMarkStartWorkers in goroutine 1
	/usr/local/go/src/runtime/mgc.go:1373 +0x105

goroutine 78 gp=0xc0001ee540 m=nil [GC worker (idle)]:
runtime.gopark(0x0?, 0x0?, 0x0?, 0x0?, 0x0?)
	/usr/local/go/src/runtime/proc.go:460 +0xce fp=0xc0001ec738 sp=0xc0001ec718 pc=0x47974e
runtime.gcBgMarkWorker(0xc0002108c0)
	/usr/local/go/src/runtime/mgc.go:1463 +0xeb fp=0xc0001ec7c8 sp=0xc0001ec738 pc=0x42618b
runtime.gcBgMarkStartWorkers.gowrap1()
	/usr/local/go/src/runtime/mgc.go:1373 +0x25 fp=0xc0001ec7e0 sp=0xc0001ec7c8 pc=0x426065
runtime.goexit({})
	/usr/local/go/src/runtime/asm_amd64.s:1693 +0x1 fp=0xc0001ec7e8 sp=0xc0001ec7e0 pc=0x4816e1
created by runtime.gcBgMarkStartWorkers in goroutine 1
	/usr/local/go/src/runtime/mgc.go:1373 +0x105

goroutine 79 gp=0xc0001ee700 m=nil [GC worker (idle)]:
runtime.gopark(0x0?, 0x0?, 0x0?, 0x0?, 0x0?)
	/usr/local/go/src/runtime/proc.go:460 +0xce fp=0xc0001ecf38 sp=0xc0001ecf18 pc=0x47974e
runtime.gcBgMarkWorker(0xc0002108c0)
	/usr/local/go/src/runtime/mgc.go:1463 +0xeb fp=0xc0001ecfc8 sp=0xc0001ecf38 pc=0x42618b
runtime.gcBgMarkStartWorkers.gowrap1()
	/usr/local/go/src/runtime/mgc.go:1373 +0x25 fp=0xc0001ecfe0 sp=0xc0001ecfc8 pc=0x426065
runtime.goexit({})
	/usr/local/go/src/runtime/asm_amd64.s:1693 +0x1 fp=0xc0001ecfe8 sp=0xc0001ecfe0 pc=0x4816e1
created by runtime.gcBgMarkStartWorkers in goroutine 1
	/usr/local/go/src/runtime/mgc.go:1373 +0x105

goroutine 80 gp=0xc0001ee8c0 m=nil [GC worker (idle)]:
runtime.gopark(0x0?, 0x0?, 0x0?, 0x0?, 0x0?)
	/usr/local/go/src/runtime/proc.go:460 +0xce fp=0xc0001ed738 sp=0xc0001ed718 pc=0x47974e
runtime.gcBgMarkWorker(0xc0002108c0)
	/usr/local/go/src/runtime/mgc.go:1463 +0xeb fp=0xc0001ed7c8 sp=0xc0001ed738 pc=0x42618b
runtime.gcBgMarkStartWorkers.gowrap1()
	/usr/local/go/src/runtime/mgc.go:1373 +0x25 fp=0xc0001ed7e0 sp=0xc0001ed7c8 pc=0x426065
runtime.goexit({})
	/usr/local/go/src/runtime/asm_amd64.s:1693 +0x1 fp=0xc0001ed7e8 sp=0xc0001ed7e0 pc=0x4816e1
created by runtime.gcBgMarkStartWorkers in goroutine 1
	/usr/local/go/src/runtime/mgc.go:1373 +0x105

goroutine 81 gp=0xc0001eea80 m=nil [GC worker (idle)]:
runtime.gopark(0x0?, 0x0?, 0x0?, 0x0?, 0x0?)
	/usr/local/go/src/runtime/proc.go:460 +0xce fp=0xc0001edf38 sp=0xc0001edf18 pc=0x47974e
runtime.gcBgMarkWorker(0xc0002108c0)
	/usr/local/go/src/runtime/mgc.go:1463 +0xeb fp=0xc0001edfc8 sp=0xc0001edf38 pc=0x42618b
runtime.gcBgMarkStartWorkers.gowrap1()
	/usr/local/go/src/runtime/mgc.go:1373 +0x25 fp=0xc0001edfe0 sp=0xc0001edfc8 pc=0x426065
runtime.goexit({})
	/usr/local/go/src/runtime/asm_amd64.s:1693 +0x1 fp=0xc0001edfe8 sp=0xc0001edfe0 pc=0x4816e1
created by runtime.gcBgMarkStartWorkers in goroutine 1
	/usr/local/go/src/runtime/mgc.go:1373 +0x105

goroutine 102 gp=0xc000492c40 m=nil [GC worker (idle)]:
runtime.gopark(0x0?, 0x0?, 0x0?, 0x0?, 0x0?)
	/usr/local/go/src/runtime/proc.go:460 +0xce fp=0xc000499f38 sp=0xc000499f18 pc=0x47974e
runtime.gcBgMarkWorker(0xc0002108c0)
	/usr/local/go/src/runtime/mgc.go:1463 +0xeb fp=0xc000499fc8 sp=0xc000499f38 pc=0x42618b
runtime.gcBgMarkStartWorkers.gowrap1()
	/usr/local/go/src/runtime/mgc.go:1373 +0x25 fp=0xc000499fe0 sp=0xc000499fc8 pc=0x426065
runtime.goexit({})
	/usr/local/go/src/runtime/asm_amd64.s:1693 +0x1 fp=0xc000499fe8 sp=0xc000499fe0 pc=0x4816e1
created by runtime.gcBgMarkStartWorkers in goroutine 1
	/usr/local/go/src/runtime/mgc.go:1373 +0x105

goroutine 92 gp=0xc000500e00 m=nil [GC worker (idle)]:
runtime.gopark(0x0?, 0x0?, 0x0?, 0x0?, 0x0?)
	/usr/local/go/src/runtime/proc.go:460 +0xce fp=0xc000495738 sp=0xc000495718 pc=0x47974e
runtime.gcBgMarkWorker(0xc0002108c0)
	/usr/local/go/src/runtime/mgc.go:1463 +0xeb fp=0xc0004957c8 sp=0xc000495738 pc=0x42618b
runtime.gcBgMarkStartWorkers.gowrap1()
	/usr/local/go/src/runtime/mgc.go:1373 +0x25 fp=0xc0004957e0 sp=0xc0004957c8 pc=0x426065
runtime.goexit({})
	/usr/local/go/src/runtime/asm_amd64.s:1693 +0x1 fp=0xc0004957e8 sp=0xc0004957e0 pc=0x4816e1
created by runtime.gcBgMarkStartWorkers in goroutine 1
	/usr/local/go/src/runtime/mgc.go:1373 +0x105

goroutine 114 gp=0xc0001eec40 m=nil [GC worker (idle)]:
runtime.gopark(0x0?, 0x0?, 0x0?, 0x0?, 0x0?)
	/usr/local/go/src/runtime/proc.go:460 +0xce fp=0xc0001e6738 sp=0xc0001e6718 pc=0x47974e
runtime.gcBgMarkWorker(0xc0002108c0)
	/usr/local/go/src/runtime/mgc.go:1463 +0xeb fp=0xc0001e67c8 sp=0xc0001e6738 pc=0x42618b
runtime.gcBgMarkStartWorkers.gowrap1()
	/usr/local/go/src/runtime/mgc.go:1373 +0x25 fp=0xc0001e67e0 sp=0xc0001e67c8 pc=0x426065
runtime.goexit({})
	/usr/local/go/src/runtime/asm_amd64.s:1693 +0x1 fp=0xc0001e67e8 sp=0xc0001e67e0 pc=0x4816e1
created by runtime.gcBgMarkStartWorkers in goroutine 1
	/usr/local/go/src/runtime/mgc.go:1373 +0x105

goroutine 115 gp=0xc0001eee00 m=nil [GC worker (idle)]:
runtime.gopark(0x0?, 0x0?, 0x0?, 0x0?, 0x0?)
	/usr/local/go/src/runtime/proc.go:460 +0xce fp=0xc0001e6f38 sp=0xc0001e6f18 pc=0x47974e
runtime.gcBgMarkWorker(0xc0002108c0)
	/usr/local/go/src/runtime/mgc.go:1463 +0xeb fp=0xc0001e6fc8 sp=0xc0001e6f38 pc=0x42618b
runtime.gcBgMarkStartWorkers.gowrap1()
	/usr/local/go/src/runtime/mgc.go:1373 +0x25 fp=0xc0001e6fe0 sp=0xc0001e6fc8 pc=0x426065
runtime.goexit({})
	/usr/local/go/src/runtime/asm_amd64.s:1693 +0x1 fp=0xc0001e6fe8 sp=0xc0001e6fe0 pc=0x4816e1
created by runtime.gcBgMarkStartWorkers in goroutine 1
	/usr/local/go/src/runtime/mgc.go:1373 +0x105

goroutine 103 gp=0xc000492e00 m=nil [GC worker (idle)]:
runtime.gopark(0x0?, 0x0?, 0x0?, 0x0?, 0x0?)
	/usr/local/go/src/runtime/proc.go:460 +0xce fp=0xc00049a738 sp=0xc00049a718 pc=0x47974e
runtime.gcBgMarkWorker(0xc0002108c0)
	/usr/local/go/src/runtime/mgc.go:1463 +0xeb fp=0xc00049a7c8 sp=0xc00049a738 pc=0x42618b
runtime.gcBgMarkStartWorkers.gowrap1()
	/usr/local/go/src/runtime/mgc.go:1373 +0x25 fp=0xc00049a7e0 sp=0xc00049a7c8 pc=0x426065
runtime.goexit({})
	/usr/local/go/src/runtime/asm_amd64.s:1693 +0x1 fp=0xc00049a7e8 sp=0xc00049a7e0 pc=0x4816e1
created by runtime.gcBgMarkStartWorkers in goroutine 1
	/usr/local/go/src/runtime/mgc.go:1373 +0x105

goroutine 104 gp=0xc000492fc0 m=nil [GC worker (idle)]:
runtime.gopark(0x0?, 0x0?, 0x0?, 0x0?, 0x0?)
	/usr/local/go/src/runtime/proc.go:460 +0xce fp=0xc00049af38 sp=0xc00049af18 pc=0x47974e
runtime.gcBgMarkWorker(0xc0002108c0)
	/usr/local/go/src/runtime/mgc.go:1463 +0xeb fp=0xc00049afc8 sp=0xc00049af38 pc=0x42618b
runtime.gcBgMarkStartWorkers.gowrap1()
	/usr/local/go/src/runtime/mgc.go:1373 +0x25 fp=0xc00049afe0 sp=0xc00049afc8 pc=0x426065
runtime.goexit({})
	/usr/local/go/src/runtime/asm_amd64.s:1693 +0x1 fp=0xc00049afe8 sp=0xc00049afe0 pc=0x4816e1
created by runtime.gcBgMarkStartWorkers in goroutine 1
	/usr/local/go/src/runtime/mgc.go:1373 +0x105

goroutine 105 gp=0xc000493180 m=nil [GC worker (idle)]:
runtime.gopark(0x0?, 0x0?, 0x0?, 0x0?, 0x0?)
	/usr/local/go/src/runtime/proc.go:460 +0xce fp=0xc00049b738 sp=0xc00049b718 pc=0x47974e
runtime.gcBgMarkWorker(0xc0002108c0)
	/usr/local/go/src/runtime/mgc.go:1463 +0xeb fp=0xc00049b7c8 sp=0xc00049b738 pc=0x42618b
runtime.gcBgMarkStartWorkers.gowrap1()
	/usr/local/go/src/runtime/mgc.go:1373 +0x25 fp=0xc00049b7e0 sp=0xc00049b7c8 pc=0x426065
runtime.goexit({})
	/usr/local/go/src/runtime/asm_amd64.s:1693 +0x1 fp=0xc00049b7e8 sp=0xc00049b7e0 pc=0x4816e1
created by runtime.gcBgMarkStartWorkers in goroutine 1
	/usr/local/go/src/runtime/mgc.go:1373 +0x105

goroutine 106 gp=0xc000493340 m=nil [GC worker (idle)]:
runtime.gopark(0x0?, 0x0?, 0x0?, 0x0?, 0x0?)
	/usr/local/go/src/runtime/proc.go:460 +0xce fp=0xc00049bf38 sp=0xc00049bf18 pc=0x47974e
runtime.gcBgMarkWorker(0xc0002108c0)
	/usr/local/go/src/runtime/mgc.go:1463 +0xeb fp=0xc00049bfc8 sp=0xc00049bf38 pc=0x42618b
runtime.gcBgMarkStartWorkers.gowrap1()
	/usr/local/go/src/runtime/mgc.go:1373 +0x25 fp=0xc00049bfe0 sp=0xc00049bfc8 pc=0x426065
runtime.goexit({})
	/usr/local/go/src/runtime/asm_amd64.s:1693 +0x1 fp=0xc00049bfe8 sp=0xc00049bfe0 pc=0x4816e1
created by runtime.gcBgMarkStartWorkers in goroutine 1
	/usr/local/go/src/runtime/mgc.go:1373 +0x105

goroutine 107 gp=0xc000493500 m=nil [GC worker (idle)]:
runtime.gopark(0x0?, 0x0?, 0x0?, 0x0?, 0x0?)
	/usr/local/go/src/runtime/proc.go:460 +0xce fp=0xc0004a0738 sp=0xc0004a0718 pc=0x47974e
runtime.gcBgMarkWorker(0xc0002108c0)
	/usr/local/go/src/runtime/mgc.go:1463 +0xeb fp=0xc0004a07c8 sp=0xc0004a0738 pc=0x42618b
runtime.gcBgMarkStartWorkers.gowrap1()
	/usr/local/go/src/runtime/mgc.go:1373 +0x25 fp=0xc0004a07e0 sp=0xc0004a07c8 pc=0x426065
runtime.goexit({})
	/usr/local/go/src/runtime/asm_amd64.s:1693 +0x1 fp=0xc0004a07e8 sp=0xc0004a07e0 pc=0x4816e1
created by runtime.gcBgMarkStartWorkers in goroutine 1
	/usr/local/go/src/runtime/mgc.go:1373 +0x105

goroutine 108 gp=0xc0004936c0 m=nil [GC worker (idle)]:
runtime.gopark(0x0?, 0x0?, 0x0?, 0x0?, 0x0?)
	/usr/local/go/src/runtime/proc.go:460 +0xce fp=0xc0004a0f38 sp=0xc0004a0f18 pc=0x47974e
runtime.gcBgMarkWorker(0xc0002108c0)
	/usr/local/go/src/runtime/mgc.go:1463 +0xeb fp=0xc0004a0fc8 sp=0xc0004a0f38 pc=0x42618b
runtime.gcBgMarkStartWorkers.gowrap1()
	/usr/local/go/src/runtime/mgc.go:1373 +0x25 fp=0xc0004a0fe0 sp=0xc0004a0fc8 pc=0x426065
runtime.goexit({})
	/usr/local/go/src/runtime/asm_amd64.s:1693 +0x1 fp=0xc0004a0fe8 sp=0xc0004a0fe0 pc=0x4816e1
created by runtime.gcBgMarkStartWorkers in goroutine 1
	/usr/local/go/src/runtime/mgc.go:1373 +0x105

goroutine 116 gp=0xc0001eefc0 m=nil [GC worker (idle)]:
runtime.gopark(0x0?, 0x0?, 0x0?, 0x0?, 0x0?)
	/usr/local/go/src/runtime/proc.go:460 +0xce fp=0xc0001e7738 sp=0xc0001e7718 pc=0x47974e
runtime.gcBgMarkWorker(0xc0002108c0)
	/usr/local/go/src/runtime/mgc.go:1463 +0xeb fp=0xc0001e77c8 sp=0xc0001e7738 pc=0x42618b
runtime.gcBgMarkStartWorkers.gowrap1()
	/usr/local/go/src/runtime/mgc.go:1373 +0x25 fp=0xc0001e77e0 sp=0xc0001e77c8 pc=0x426065
runtime.goexit({})
	/usr/local/go/src/runtime/asm_amd64.s:1693 +0x1 fp=0xc0001e77e8 sp=0xc0001e77e0 pc=0x4816e1
created by runtime.gcBgMarkStartWorkers in goroutine 1
	/usr/local/go/src/runtime/mgc.go:1373 +0x105

goroutine 117 gp=0xc0001ef180 m=nil [GC worker (idle)]:
runtime.gopark(0x0?, 0x0?, 0x0?, 0x0?, 0x0?)
	/usr/local/go/src/runtime/proc.go:460 +0xce fp=0xc0001e7f38 sp=0xc0001e7f18 pc=0x47974e
runtime.gcBgMarkWorker(0xc0002108c0)
	/usr/local/go/src/runtime/mgc.go:1463 +0xeb fp=0xc0001e7fc8 sp=0xc0001e7f38 pc=0x42618b
runtime.gcBgMarkStartWorkers.gowrap1()
	/usr/local/go/src/runtime/mgc.go:1373 +0x25 fp=0xc0001e7fe0 sp=0xc0001e7fc8 pc=0x426065
runtime.goexit({})
	/usr/local/go/src/runtime/asm_amd64.s:1693 +0x1 fp=0xc0001e7fe8 sp=0xc0001e7fe0 pc=0x4816e1
created by runtime.gcBgMarkStartWorkers in goroutine 1
	/usr/local/go/src/runtime/mgc.go:1373 +0x105

goroutine 93 gp=0xc000500fc0 m=nil [GC worker (idle)]:
runtime.gopark(0x0?, 0x0?, 0x0?, 0x0?, 0x0?)
	/usr/local/go/src/runtime/proc.go:460 +0xce fp=0xc000495f38 sp=0xc000495f18 pc=0x47974e
runtime.gcBgMarkWorker(0xc0002108c0)
	/usr/local/go/src/runtime/mgc.go:1463 +0xeb fp=0xc000495fc8 sp=0xc000495f38 pc=0x42618b
runtime.gcBgMarkStartWorkers.gowrap1()
	/usr/local/go/src/runtime/mgc.go:1373 +0x25 fp=0xc000495fe0 sp=0xc000495fc8 pc=0x426065
runtime.goexit({})
	/usr/local/go/src/runtime/asm_amd64.s:1693 +0x1 fp=0xc000495fe8 sp=0xc000495fe0 pc=0x4816e1
created by runtime.gcBgMarkStartWorkers in goroutine 1
	/usr/local/go/src/runtime/mgc.go:1373 +0x105

goroutine 94 gp=0xc000501180 m=nil [GC worker (idle)]:
runtime.gopark(0x0?, 0x0?, 0x0?, 0x0?, 0x0?)
	/usr/local/go/src/runtime/proc.go:460 +0xce fp=0xc000496738 sp=0xc000496718 pc=0x47974e
runtime.gcBgMarkWorker(0xc0002108c0)
	/usr/local/go/src/runtime/mgc.go:1463 +0xeb fp=0xc0004967c8 sp=0xc000496738 pc=0x42618b
runtime.gcBgMarkStartWorkers.gowrap1()
	/usr/local/go/src/runtime/mgc.go:1373 +0x25 fp=0xc0004967e0 sp=0xc0004967c8 pc=0x426065
runtime.goexit({})
	/usr/local/go/src/runtime/asm_amd64.s:1693 +0x1 fp=0xc0004967e8 sp=0xc0004967e0 pc=0x4816e1
created by runtime.gcBgMarkStartWorkers in goroutine 1
	/usr/local/go/src/runtime/mgc.go:1373 +0x105

goroutine 95 gp=0xc000501340 m=nil [GC worker (idle)]:
runtime.gopark(0x0?, 0x0?, 0x0?, 0x0?, 0x0?)
	/usr/local/go/src/runtime/proc.go:460 +0xce fp=0xc000496f38 sp=0xc000496f18 pc=0x47974e
runtime.gcBgMarkWorker(0xc0002108c0)
	/usr/local/go/src/runtime/mgc.go:1463 +0xeb fp=0xc000496fc8 sp=0xc000496f38 pc=0x42618b
runtime.gcBgMarkStartWorkers.gowrap1()
	/usr/local/go/src/runtime/mgc.go:1373 +0x25 fp=0xc000496fe0 sp=0xc000496fc8 pc=0x426065
runtime.goexit({})
	/usr/local/go/src/runtime/asm_amd64.s:1693 +0x1 fp=0xc000496fe8 sp=0xc000496fe0 pc=0x4816e1
created by runtime.gcBgMarkStartWorkers in goroutine 1
	/usr/local/go/src/runtime/mgc.go:1373 +0x105

goroutine 96 gp=0xc000501500 m=nil [GC worker (idle)]:
runtime.gopark(0x0?, 0x0?, 0x0?, 0x0?, 0x0?)
	/usr/local/go/src/runtime/proc.go:460 +0xce fp=0xc000497738 sp=0xc000497718 pc=0x47974e
runtime.gcBgMarkWorker(0xc0002108c0)
	/usr/local/go/src/runtime/mgc.go:1463 +0xeb fp=0xc0004977c8 sp=0xc000497738 pc=0x42618b
runtime.gcBgMarkStartWorkers.gowrap1()
	/usr/local/go/src/runtime/mgc.go:1373 +0x25 fp=0xc0004977e0 sp=0xc0004977c8 pc=0x426065
runtime.goexit({})
	/usr/local/go/src/runtime/asm_amd64.s:1693 +0x1 fp=0xc0004977e8 sp=0xc0004977e0 pc=0x4816e1
created by runtime.gcBgMarkStartWorkers in goroutine 1
	/usr/local/go/src/runtime/mgc.go:1373 +0x105

goroutine 97 gp=0xc0005016c0 m=nil [GC worker (idle)]:
runtime.gopark(0x0?, 0x0?, 0x0?, 0x0?, 0x0?)
	/usr/local/go/src/runtime/proc.go:460 +0xce fp=0xc000497f38 sp=0xc000497f18 pc=0x47974e
runtime.gcBgMarkWorker(0xc0002108c0)
	/usr/local/go/src/runtime/mgc.go:1463 +0xeb fp=0xc000497fc8 sp=0xc000497f38 pc=0x42618b
runtime.gcBgMarkStartWorkers.gowrap1()
	/usr/local/go/src/runtime/mgc.go:1373 +0x25 fp=0xc000497fe0 sp=0xc000497fc8 pc=0x426065
runtime.goexit({})
	/usr/local/go/src/runtime/asm_amd64.s:1693 +0x1 fp=0xc000497fe8 sp=0xc000497fe0 pc=0x4816e1
created by runtime.gcBgMarkStartWorkers in goroutine 1
	/usr/local/go/src/runtime/mgc.go:1373 +0x105

goroutine 130 gp=0xc000501880 m=nil [GC worker (idle)]:
runtime.gopark(0x0?, 0x0?, 0x0?, 0x0?, 0x0?)
	/usr/local/go/src/runtime/proc.go:460 +0xce fp=0xc00049c738 sp=0xc00049c718 pc=0x47974e
runtime.gcBgMarkWorker(0xc0002108c0)
	/usr/local/go/src/runtime/mgc.go:1463 +0xeb fp=0xc00049c7c8 sp=0xc00049c738 pc=0x42618b
runtime.gcBgMarkStartWorkers.gowrap1()
	/usr/local/go/src/runtime/mgc.go:1373 +0x25 fp=0xc00049c7e0 sp=0xc00049c7c8 pc=0x426065
runtime.goexit({})
	/usr/local/go/src/runtime/asm_amd64.s:1693 +0x1 fp=0xc00049c7e8 sp=0xc00049c7e0 pc=0x4816e1
created by runtime.gcBgMarkStartWorkers in goroutine 1
	/usr/local/go/src/runtime/mgc.go:1373 +0x105

goroutine 131 gp=0xc000501a40 m=nil [GC worker (idle)]:
runtime.gopark(0x0?, 0x0?, 0x0?, 0x0?, 0x0?)
	/usr/local/go/src/runtime/proc.go:460 +0xce fp=0xc00049cf38 sp=0xc00049cf18 pc=0x47974e
runtime.gcBgMarkWorker(0xc0002108c0)
	/usr/local/go/src/runtime/mgc.go:1463 +0xeb fp=0xc00049cfc8 sp=0xc00049cf38 pc=0x42618b
runtime.gcBgMarkStartWorkers.gowrap1()
	/usr/local/go/src/runtime/mgc.go:1373 +0x25 fp=0xc00049cfe0 sp=0xc00049cfc8 pc=0x426065
runtime.goexit({})
	/usr/local/go/src/runtime/asm_amd64.s:1693 +0x1 fp=0xc00049cfe8 sp=0xc00049cfe0 pc=0x4816e1
created by runtime.gcBgMarkStartWorkers in goroutine 1
	/usr/local/go/src/runtime/mgc.go:1373 +0x105

goroutine 109 gp=0xc000493880 m=nil [GC worker (idle)]:
runtime.gopark(0x0?, 0x0?, 0x0?, 0x0?, 0x0?)
	/usr/local/go/src/runtime/proc.go:460 +0xce fp=0xc0004a1738 sp=0xc0004a1718 pc=0x47974e
runtime.gcBgMarkWorker(0xc0002108c0)
	/usr/local/go/src/runtime/mgc.go:1463 +0xeb fp=0xc0004a17c8 sp=0xc0004a1738 pc=0x42618b
runtime.gcBgMarkStartWorkers.gowrap1()
	/usr/local/go/src/runtime/mgc.go:1373 +0x25 fp=0xc0004a17e0 sp=0xc0004a17c8 pc=0x426065
runtime.goexit({})
	/usr/local/go/src/runtime/asm_amd64.s:1693 +0x1 fp=0xc0004a17e8 sp=0xc0004a17e0 pc=0x4816e1
created by runtime.gcBgMarkStartWorkers in goroutine 1
	/usr/local/go/src/runtime/mgc.go:1373 +0x105

goroutine 110 gp=0xc000493a40 m=nil [GC worker (idle)]:
runtime.gopark(0x0?, 0x0?, 0x0?, 0x0?, 0x0?)
	/usr/local/go/src/runtime/proc.go:460 +0xce fp=0xc0004a1f38 sp=0xc0004a1f18 pc=0x47974e
runtime.gcBgMarkWorker(0xc0002108c0)
	/usr/local/go/src/runtime/mgc.go:1463 +0xeb fp=0xc0004a1fc8 sp=0xc0004a1f38 pc=0x42618b
runtime.gcBgMarkStartWorkers.gowrap1()
	/usr/local/go/src/runtime/mgc.go:1373 +0x25 fp=0xc0004a1fe0 sp=0xc0004a1fc8 pc=0x426065
runtime.goexit({})
	/usr/local/go/src/runtime/asm_amd64.s:1693 +0x1 fp=0xc0004a1fe8 sp=0xc0004a1fe0 pc=0x4816e1
created by runtime.gcBgMarkStartWorkers in goroutine 1
	/usr/local/go/src/runtime/mgc.go:1373 +0x105

goroutine 111 gp=0xc000493c00 m=nil [GC worker (idle)]:
runtime.gopark(0x0?, 0x0?, 0x0?, 0x0?, 0x0?)
	/usr/local/go/src/runtime/proc.go:460 +0xce fp=0xc0004a2738 sp=0xc0004a2718 pc=0x47974e
runtime.gcBgMarkWorker(0xc0002108c0)
	/usr/local/go/src/runtime/mgc.go:1463 +0xeb fp=0xc0004a27c8 sp=0xc0004a2738 pc=0x42618b
runtime.gcBgMarkStartWorkers.gowrap1()
	/usr/local/go/src/runtime/mgc.go:1373 +0x25 fp=0xc0004a27e0 sp=0xc0004a27c8 pc=0x426065
runtime.goexit({})
	/usr/local/go/src/runtime/asm_amd64.s:1693 +0x1 fp=0xc0004a27e8 sp=0xc0004a27e0 pc=0x4816e1
created by runtime.gcBgMarkStartWorkers in goroutine 1
	/usr/local/go/src/runtime/mgc.go:1373 +0x105

goroutine 112 gp=0xc000493dc0 m=nil [GC worker (idle)]:
runtime.gopark(0x0?, 0x0?, 0x0?, 0x0?, 0x0?)
	/usr/local/go/src/runtime/proc.go:460 +0xce fp=0xc0004a2f38 sp=0xc0004a2f18 pc=0x47974e
runtime.gcBgMarkWorker(0xc0002108c0)
	/usr/local/go/src/runtime/mgc.go:1463 +0xeb fp=0xc0004a2fc8 sp=0xc0004a2f38 pc=0x42618b
runtime.gcBgMarkStartWorkers.gowrap1()
	/usr/local/go/src/runtime/mgc.go:1373 +0x25 fp=0xc0004a2fe0 sp=0xc0004a2fc8 pc=0x426065
runtime.goexit({})
	/usr/local/go/src/runtime/asm_amd64.s:1693 +0x1 fp=0xc0004a2fe8 sp=0xc0004a2fe0 pc=0x4816e1
created by runtime.gcBgMarkStartWorkers in goroutine 1
	/usr/local/go/src/runtime/mgc.go:1373 +0x105

goroutine 113 gp=0xc0004a6000 m=nil [GC worker (idle)]:
runtime.gopark(0x0?, 0x0?, 0x0?, 0x0?, 0x0?)
	/usr/local/go/src/runtime/proc.go:460 +0xce fp=0xc0004a3738 sp=0xc0004a3718 pc=0x47974e
runtime.gcBgMarkWorker(0xc0002108c0)
	/usr/local/go/src/runtime/mgc.go:1463 +0xeb fp=0xc0004a37c8 sp=0xc0004a3738 pc=0x42618b
runtime.gcBgMarkStartWorkers.gowrap1()
	/usr/local/go/src/runtime/mgc.go:1373 +0x25 fp=0xc0004a37e0 sp=0xc0004a37c8 pc=0x426065
runtime.goexit({})
	/usr/local/go/src/runtime/asm_amd64.s:1693 +0x1 fp=0xc0004a37e8 sp=0xc0004a37e0 pc=0x4816e1
created by runtime.gcBgMarkStartWorkers in goroutine 1
	/usr/local/go/src/runtime/mgc.go:1373 +0x105

goroutine 146 gp=0xc0004a61c0 m=nil [GC worker (idle)]:
runtime.gopark(0x0?, 0x0?, 0x0?, 0x0?, 0x0?)
	/usr/local/go/src/runtime/proc.go:460 +0xce fp=0xc0004a3f38 sp=0xc0004a3f18 pc=0x47974e
runtime.gcBgMarkWorker(0xc0002108c0)
	/usr/local/go/src/runtime/mgc.go:1463 +0xeb fp=0xc0004a3fc8 sp=0xc0004a3f38 pc=0x42618b
runtime.gcBgMarkStartWorkers.gowrap1()
	/usr/local/go/src/runtime/mgc.go:1373 +0x25 fp=0xc0004a3fe0 sp=0xc0004a3fc8 pc=0x426065
runtime.goexit({})
	/usr/local/go/src/runtime/asm_amd64.s:1693 +0x1 fp=0xc0004a3fe8 sp=0xc0004a3fe0 pc=0x4816e1
created by runtime.gcBgMarkStartWorkers in goroutine 1
	/usr/local/go/src/runtime/mgc.go:1373 +0x105

goroutine 147 gp=0xc0004a6380 m=nil [GC worker (idle)]:
runtime.gopark(0x0?, 0x0?, 0x0?, 0x0?, 0x0?)
	/usr/local/go/src/runtime/proc.go:460 +0xce fp=0xc0004ac738 sp=0xc0004ac718 pc=0x47974e
runtime.gcBgMarkWorker(0xc0002108c0)
	/usr/local/go/src/runtime/mgc.go:1463 +0xeb fp=0xc0004ac7c8 sp=0xc0004ac738 pc=0x42618b
runtime.gcBgMarkStartWorkers.gowrap1()
	/usr/local/go/src/runtime/mgc.go:1373 +0x25 fp=0xc0004ac7e0 sp=0xc0004ac7c8 pc=0x426065
runtime.goexit({})
	/usr/local/go/src/runtime/asm_amd64.s:1693 +0x1 fp=0xc0004ac7e8 sp=0xc0004ac7e0 pc=0x4816e1
created by runtime.gcBgMarkStartWorkers in goroutine 1
	/usr/local/go/src/runtime/mgc.go:1373 +0x105

goroutine 148 gp=0xc0004a6540 m=nil [GC worker (idle)]:
runtime.gopark(0x0?, 0x0?, 0x0?, 0x0?, 0x0?)
	/usr/local/go/src/runtime/proc.go:460 +0xce fp=0xc0004acf38 sp=0xc0004acf18 pc=0x47974e
runtime.gcBgMarkWorker(0xc0002108c0)
	/usr/local/go/src/runtime/mgc.go:1463 +0xeb fp=0xc0004acfc8 sp=0xc0004acf38 pc=0x42618b
runtime.gcBgMarkStartWorkers.gowrap1()
	/usr/local/go/src/runtime/mgc.go:1373 +0x25 fp=0xc0004acfe0 sp=0xc0004acfc8 pc=0x426065
runtime.goexit({})
	/usr/local/go/src/runtime/asm_amd64.s:1693 +0x1 fp=0xc0004acfe8 sp=0xc0004acfe0 pc=0x4816e1
created by runtime.gcBgMarkStartWorkers in goroutine 1
	/usr/local/go/src/runtime/mgc.go:1373 +0x105

goroutine 149 gp=0xc0004a6700 m=nil [GC worker (idle)]:
runtime.gopark(0x0?, 0x0?, 0x0?, 0x0?, 0x0?)
	/usr/local/go/src/runtime/proc.go:460 +0xce fp=0xc0004ad738 sp=0xc0004ad718 pc=0x47974e
runtime.gcBgMarkWorker(0xc0002108c0)
	/usr/local/go/src/runtime/mgc.go:1463 +0xeb fp=0xc0004ad7c8 sp=0xc0004ad738 pc=0x42618b
runtime.gcBgMarkStartWorkers.gowrap1()
	/usr/local/go/src/runtime/mgc.go:1373 +0x25 fp=0xc0004ad7e0 sp=0xc0004ad7c8 pc=0x426065
runtime.goexit({})
	/usr/local/go/src/runtime/asm_amd64.s:1693 +0x1 fp=0xc0004ad7e8 sp=0xc0004ad7e0 pc=0x4816e1
created by runtime.gcBgMarkStartWorkers in goroutine 1
	/usr/local/go/src/runtime/mgc.go:1373 +0x105

goroutine 150 gp=0xc0004a68c0 m=nil [GC worker (idle)]:
runtime.gopark(0x0?, 0x0?, 0x0?, 0x0?, 0x0?)
	/usr/local/go/src/runtime/proc.go:460 +0xce fp=0xc0004adf38 sp=0xc0004adf18 pc=0x47974e
runtime.gcBgMarkWorker(0xc0002108c0)
	/usr/local/go/src/runtime/mgc.go:1463 +0xeb fp=0xc0004adfc8 sp=0xc0004adf38 pc=0x42618b
runtime.gcBgMarkStartWorkers.gowrap1()
	/usr/local/go/src/runtime/mgc.go:1373 +0x25 fp=0xc0004adfe0 sp=0xc0004adfc8 pc=0x426065
runtime.goexit({})
	/usr/local/go/src/runtime/asm_amd64.s:1693 +0x1 fp=0xc0004adfe8 sp=0xc0004adfe0 pc=0x4816e1
created by runtime.gcBgMarkStartWorkers in goroutine 1
	/usr/local/go/src/runtime/mgc.go:1373 +0x105

goroutine 151 gp=0xc0004a6a80 m=nil [GC worker (idle)]:
runtime.gopark(0x0?, 0x0?, 0x0?, 0x0?, 0x0?)
	/usr/local/go/src/runtime/proc.go:460 +0xce fp=0xc0004ae738 sp=0xc0004ae718 pc=0x47974e
runtime.gcBgMarkWorker(0xc0002108c0)
	/usr/local/go/src/runtime/mgc.go:1463 +0xeb fp=0xc0004ae7c8 sp=0xc0004ae738 pc=0x42618b
runtime.gcBgMarkStartWorkers.gowrap1()
	/usr/local/go/src/runtime/mgc.go:1373 +0x25 fp=0xc0004ae7e0 sp=0xc0004ae7c8 pc=0x426065
runtime.goexit({})
	/usr/local/go/src/runtime/asm_amd64.s:1693 +0x1 fp=0xc0004ae7e8 sp=0xc0004ae7e0 pc=0x4816e1
created by runtime.gcBgMarkStartWorkers in goroutine 1
	/usr/local/go/src/runtime/mgc.go:1373 +0x105

goroutine 152 gp=0xc0004a6c40 m=nil [GC worker (idle)]:
runtime.gopark(0x0?, 0x0?, 0x0?, 0x0?, 0x0?)
	/usr/local/go/src/runtime/proc.go:460 +0xce fp=0xc0004aef38 sp=0xc0004aef18 pc=0x47974e
runtime.gcBgMarkWorker(0xc0002108c0)
	/usr/local/go/src/runtime/mgc.go:1463 +0xeb fp=0xc0004aefc8 sp=0xc0004aef38 pc=0x42618b
runtime.gcBgMarkStartWorkers.gowrap1()
	/usr/local/go/src/runtime/mgc.go:1373 +0x25 fp=0xc0004aefe0 sp=0xc0004aefc8 pc=0x426065
runtime.goexit({})
	/usr/local/go/src/runtime/asm_amd64.s:1693 +0x1 fp=0xc0004aefe8 sp=0xc0004aefe0 pc=0x4816e1
created by runtime.gcBgMarkStartWorkers in goroutine 1
	/usr/local/go/src/runtime/mgc.go:1373 +0x105

goroutine 153 gp=0xc0004a6e00 m=nil [GC worker (idle)]:
runtime.gopark(0x0?, 0x0?, 0x0?, 0x0?, 0x0?)
	/usr/local/go/src/runtime/proc.go:460 +0xce fp=0xc0004af738 sp=0xc0004af718 pc=0x47974e
runtime.gcBgMarkWorker(0xc0002108c0)
	/usr/local/go/src/runtime/mgc.go:1463 +0xeb fp=0xc0004af7c8 sp=0xc0004af738 pc=0x42618b
runtime.gcBgMarkStartWorkers.gowrap1()
	/usr/local/go/src/runtime/mgc.go:1373 +0x25 fp=0xc0004af7e0 sp=0xc0004af7c8 pc=0x426065
runtime.goexit({})
	/usr/local/go/src/runtime/asm_amd64.s:1693 +0x1 fp=0xc0004af7e8 sp=0xc0004af7e0 pc=0x4816e1
created by runtime.gcBgMarkStartWorkers in goroutine 1
	/usr/local/go/src/runtime/mgc.go:1373 +0x105

goroutine 118 gp=0xc0001ef340 m=nil [GC worker (idle)]:
runtime.gopark(0x0?, 0x0?, 0x0?, 0x0?, 0x0?)
	/usr/local/go/src/runtime/proc.go:460 +0xce fp=0xc0001e8738 sp=0xc0001e8718 pc=0x47974e
runtime.gcBgMarkWorker(0xc0002108c0)
	/usr/local/go/src/runtime/mgc.go:1463 +0xeb fp=0xc0001e87c8 sp=0xc0001e8738 pc=0x42618b
runtime.gcBgMarkStartWorkers.gowrap1()
	/usr/local/go/src/runtime/mgc.go:1373 +0x25 fp=0xc0001e87e0 sp=0xc0001e87c8 pc=0x426065
runtime.goexit({})
	/usr/local/go/src/runtime/asm_amd64.s:1693 +0x1 fp=0xc0001e87e8 sp=0xc0001e87e0 pc=0x4816e1
created by runtime.gcBgMarkStartWorkers in goroutine 1
	/usr/local/go/src/runtime/mgc.go:1373 +0x105

goroutine 119 gp=0xc0001ef500 m=nil [GC worker (idle)]:
runtime.gopark(0x0?, 0x0?, 0x0?, 0x0?, 0x0?)
	/usr/local/go/src/runtime/proc.go:460 +0xce fp=0xc0001e8f38 sp=0xc0001e8f18 pc=0x47974e
runtime.gcBgMarkWorker(0xc0002108c0)
	/usr/local/go/src/runtime/mgc.go:1463 +0xeb fp=0xc0001e8fc8 sp=0xc0001e8f38 pc=0x42618b
runtime.gcBgMarkStartWorkers.gowrap1()
	/usr/local/go/src/runtime/mgc.go:1373 +0x25 fp=0xc0001e8fe0 sp=0xc0001e8fc8 pc=0x426065
runtime.goexit({})
	/usr/local/go/src/runtime/asm_amd64.s:1693 +0x1 fp=0xc0001e8fe8 sp=0xc0001e8fe0 pc=0x4816e1
created by runtime.gcBgMarkStartWorkers in goroutine 1
	/usr/local/go/src/runtime/mgc.go:1373 +0x105

goroutine 120 gp=0xc0001ef6c0 m=nil [GC worker (idle)]:
runtime.gopark(0x0?, 0x0?, 0x0?, 0x0?, 0x0?)
	/usr/local/go/src/runtime/proc.go:460 +0xce fp=0xc0001e9738 sp=0xc0001e9718 pc=0x47974e
runtime.gcBgMarkWorker(0xc0002108c0)
	/usr/local/go/src/runtime/mgc.go:1463 +0xeb fp=0xc0001e97c8 sp=0xc0001e9738 pc=0x42618b
runtime.gcBgMarkStartWorkers.gowrap1()
	/usr/local/go/src/runtime/mgc.go:1373 +0x25 fp=0xc0001e97e0 sp=0xc0001e97c8 pc=0x426065
runtime.goexit({})
	/usr/local/go/src/runtime/asm_amd64.s:1693 +0x1 fp=0xc0001e97e8 sp=0xc0001e97e0 pc=0x4816e1
created by runtime.gcBgMarkStartWorkers in goroutine 1
	/usr/local/go/src/runtime/mgc.go:1373 +0x105

goroutine 121 gp=0xc0001ef880 m=nil [GC worker (idle)]:
runtime.gopark(0x15940a0000265b?, 0x0?, 0x0?, 0x0?, 0x0?)
	/usr/local/go/src/runtime/proc.go:460 +0xce fp=0xc0001e9f38 sp=0xc0001e9f18 pc=0x47974e
runtime.gcBgMarkWorker(0xc0002108c0)
	/usr/local/go/src/runtime/mgc.go:1463 +0xeb fp=0xc0001e9fc8 sp=0xc0001e9f38 pc=0x42618b
runtime.gcBgMarkStartWorkers.gowrap1()
	/usr/local/go/src/runtime/mgc.go:1373 +0x25 fp=0xc0001e9fe0 sp=0xc0001e9fc8 pc=0x426065
runtime.goexit({})
	/usr/local/go/src/runtime/asm_amd64.s:1693 +0x1 fp=0xc0001e9fe8 sp=0xc0001e9fe0 pc=0x4816e1
created by runtime.gcBgMarkStartWorkers in goroutine 1
	/usr/local/go/src/runtime/mgc.go:1373 +0x105

goroutine 122 gp=0xc0001efa40 m=nil [GC worker (idle)]:
runtime.gopark(0x159409fffef63b?, 0x1?, 0x1f?, 0x29?, 0x0?)
	/usr/local/go/src/runtime/proc.go:460 +0xce fp=0xc0004a8738 sp=0xc0004a8718 pc=0x47974e
runtime.gcBgMarkWorker(0xc0002108c0)
	/usr/local/go/src/runtime/mgc.go:1463 +0xeb fp=0xc0004a87c8 sp=0xc0004a8738 pc=0x42618b
runtime.gcBgMarkStartWorkers.gowrap1()
	/usr/local/go/src/runtime/mgc.go:1373 +0x25 fp=0xc0004a87e0 sp=0xc0004a87c8 pc=0x426065
runtime.goexit({})
	/usr/local/go/src/runtime/asm_amd64.s:1693 +0x1 fp=0xc0004a87e8 sp=0xc0004a87e0 pc=0x4816e1
created by runtime.gcBgMarkStartWorkers in goroutine 1
	/usr/local/go/src/runtime/mgc.go:1373 +0x105

goroutine 123 gp=0xc0001efc00 m=nil [GC worker (idle)]:
runtime.gopark(0xe15f60?, 0x1?, 0x28?, 0xf1?, 0x0?)
	/usr/local/go/src/runtime/proc.go:460 +0xce fp=0xc000707f38 sp=0xc000707f18 pc=0x47974e
runtime.gcBgMarkWorker(0xc0002108c0)
	/usr/local/go/src/runtime/mgc.go:1463 +0xeb fp=0xc000707fc8 sp=0xc000707f38 pc=0x42618b
runtime.gcBgMarkStartWorkers.gowrap1()
	/usr/local/go/src/runtime/mgc.go:1373 +0x25 fp=0xc000707fe0 sp=0xc000707fc8 pc=0x426065
runtime.goexit({})
	/usr/local/go/src/runtime/asm_amd64.s:1693 +0x1 fp=0xc000707fe8 sp=0xc000707fe0 pc=0x4816e1
created by runtime.gcBgMarkStartWorkers in goroutine 1
	/usr/local/go/src/runtime/mgc.go:1373 +0x105

goroutine 124 gp=0xc0001efdc0 m=nil [GC worker (idle)]:
runtime.gopark(0x159409fffef6a9?, 0x1?, 0xdd?, 0x5e?, 0x0?)
	/usr/local/go/src/runtime/proc.go:460 +0xce fp=0xc0004a9738 sp=0xc0004a9718 pc=0x47974e
runtime.gcBgMarkWorker(0xc0002108c0)
	/usr/local/go/src/runtime/mgc.go:1463 +0xeb fp=0xc0004a97c8 sp=0xc0004a9738 pc=0x42618b
runtime.gcBgMarkStartWorkers.gowrap1()
	/usr/local/go/src/runtime/mgc.go:1373 +0x25 fp=0xc0004a97e0 sp=0xc0004a97c8 pc=0x426065
runtime.goexit({})
	/usr/local/go/src/runtime/asm_amd64.s:1693 +0x1 fp=0xc0004a97e8 sp=0xc0004a97e0 pc=0x4816e1
created by runtime.gcBgMarkStartWorkers in goroutine 1
	/usr/local/go/src/runtime/mgc.go:1373 +0x105

goroutine 125 gp=0xc0001f2000 m=nil [GC worker (idle)]:
runtime.gopark(0x159409fffef5f5?, 0x1?, 0xbb?, 0x74?, 0x0?)
	/usr/local/go/src/runtime/proc.go:460 +0xce fp=0xc0004a9f38 sp=0xc0004a9f18 pc=0x47974e
runtime.gcBgMarkWorker(0xc0002108c0)
	/usr/local/go/src/runtime/mgc.go:1463 +0xeb fp=0xc0004a9fc8 sp=0xc0004a9f38 pc=0x42618b
runtime.gcBgMarkStartWorkers.gowrap1()
	/usr/local/go/src/runtime/mgc.go:1373 +0x25 fp=0xc0004a9fe0 sp=0xc0004a9fc8 pc=0x426065
runtime.goexit({})
	/usr/local/go/src/runtime/asm_amd64.s:1693 +0x1 fp=0xc0004a9fe8 sp=0xc0004a9fe0 pc=0x4816e1
created by runtime.gcBgMarkStartWorkers in goroutine 1
	/usr/local/go/src/runtime/mgc.go:1373 +0x105

rax    0x238
rbx    0x779db3
rcx    0x1
rdx    0x706302408408
rdi    0x0
rsi    0x0
rbp    0x7062d7072d50
rsp    0x7ffd4b2d4f50
r8     0x8c59010
r9     0x0
r10    0x7062d6e2de70
r11    0x7062d6eb9da0
r12    0x7ffd4b2d4f80
r13    0x7ffd4b2d4f70
r14    0x7ffd4b2d5070
r15    0x7062d7072d78
rip    0x7063023fb130
rflags 0x10202
cs     0x33
fs     0x0
gs     0x0
